=== Image optimisations ===
Reduce width of actors\retsu\hard_kick_03.png by 5 pixels to 80 to improve blit performance by 100.00%
Reduce width of actors\retsu\hard_kick_04.png by 11 pixels to 48 to improve blit performance by 100.00%
Reduce width of actors\retsu\hard_kick_05.png by 12 pixels to 48 to improve blit performance by 100.00%
Reduce width of actors\retsu\hard_kick_06.png by 6 pixels to 48 to improve blit performance by 100.00%
Reduce width of actors\retsu\hard_kick_03.png by 5 pixels to 80 to improve blit performance by 100.00%
Reduce width of actors\retsu\hard_kick_04.png by 11 pixels to 48 to improve blit performance by 100.00%
Reduce width of actors\retsu\hard_kick_05.png by 12 pixels to 48 to improve blit performance by 100.00%
Reduce width of actors\retsu\hard_kick_06.png by 6 pixels to 48 to improve blit performance by 100.00%
Reduce width of actors\retsu\hard_punch_01.png by 9 pixels to 48 to improve blit performance by 100.00%
Reduce width of actors\retsu\hard_punch_02.png by 14 pixels to 48 to improve blit performance by 100.00%
Reduce width of actors\retsu\hard_punch_03.png by 12 pixels to 80 to improve blit performance by 100.00%
Reduce width of actors\retsu\hard_punch_02.png by 14 pixels to 48 to improve blit performance by 100.00%
Reduce width of actors\retsu\hard_punch_01.png by 9 pixels to 48 to improve blit performance by 100.00%
Reduce width of actors\retsu\hard_punch_01.png by 9 pixels to 48 to improve blit performance by 100.00%
Reduce width of actors\retsu\hard_punch_02.png by 14 pixels to 48 to improve blit performance by 100.00%
Reduce width of actors\retsu\hard_punch_03.png by 12 pixels to 80 to improve blit performance by 100.00%
Reduce width of actors\retsu\hard_punch_02.png by 14 pixels to 48 to improve blit performance by 100.00%
Reduce width of actors\retsu\hard_punch_01.png by 9 pixels to 48 to improve blit performance by 100.00%
Reduce width of actors\retsu\walk-02.png by 12 pixels to 32 to improve blit performance by 100.00%
Reduce width of actors\retsu\light_kick_01.png by 4 pixels to 48 to improve blit performance by 100.00%
Reduce width of actors\retsu\light_kick_02.png by 8 pixels to 80 to improve blit performance by 100.00%
Reduce width of actors\retsu\light_kick_01.png by 4 pixels to 48 to improve blit performance by 100.00%
Reduce width of actors\retsu\walk-02.png by 12 pixels to 32 to improve blit performance by 100.00%
Reduce width of actors\retsu\walk-02.png by 12 pixels to 32 to improve blit performance by 100.00%
Reduce width of actors\retsu\light_kick_01.png by 4 pixels to 48 to improve blit performance by 100.00%
Reduce width of actors\retsu\light_kick_02.png by 8 pixels to 80 to improve blit performance by 100.00%
Reduce width of actors\retsu\light_kick_01.png by 4 pixels to 48 to improve blit performance by 100.00%
Reduce width of actors\retsu\walk-02.png by 12 pixels to 32 to improve blit performance by 100.00%
Reduce width of actors\retsu\hard_punch_01.png by 9 pixels to 48 to improve blit performance by 100.00%
Reduce width of actors\retsu\light_punch_01.png by 12 pixels to 64 to improve blit performance by 100.00%
Reduce width of actors\retsu\hard_punch_01.png by 9 pixels to 48 to improve blit performance by 100.00%
Reduce width of actors\retsu\hard_punch_01.png by 9 pixels to 48 to improve blit performance by 100.00%
Reduce width of actors\retsu\light_punch_01.png by 12 pixels to 64 to improve blit performance by 100.00%
Reduce width of actors\retsu\hard_punch_01.png by 9 pixels to 48 to improve blit performance by 100.00%
Reduce width of actors\retsu\dead.png by 12 pixels to 96 to improve blit performance by 100.00%
Reduce width of actors\retsu\dead.png by 12 pixels to 96 to improve blit performance by 100.00%
Reduce width of actors\retsu\duck.png by 14 pixels to 32 to improve blit performance by 100.00%
Reduce width of actors\retsu\duck_hk_02.png by 2 pixels to 48 to improve blit performance by 100.00%
Reduce width of actors\retsu\duck_hk_03.png by 14 pixels to 64 to improve blit performance by 100.00%
Reduce width of actors\retsu\duck_hk_04.png by 8 pixels to 48 to improve blit performance by 100.00%
Reduce width of actors\retsu\duck_hk_05.png by 9 pixels to 48 to improve blit performance by 100.00%
Reduce width of actors\retsu\duck.png by 14 pixels to 32 to improve blit performance by 100.00%
Reduce width of actors\retsu\duck.png by 14 pixels to 32 to improve blit performance by 100.00%
Reduce width of actors\retsu\duck_hk_02.png by 2 pixels to 48 to improve blit performance by 100.00%
Reduce width of actors\retsu\duck_hk_03.png by 14 pixels to 64 to improve blit performance by 100.00%
Reduce width of actors\retsu\duck_hk_04.png by 8 pixels to 48 to improve blit performance by 100.00%
Reduce width of actors\retsu\duck_hk_05.png by 9 pixels to 48 to improve blit performance by 100.00%
Reduce width of actors\retsu\duck.png by 14 pixels to 32 to improve blit performance by 100.00%
Reduce width of actors\retsu\duck.png by 14 pixels to 32 to improve blit performance by 100.00%
Reduce width of actors\retsu\duck_block.png by 14 pixels to 32 to improve blit performance by 100.00%
Reduce width of actors\retsu\duck.png by 14 pixels to 32 to improve blit performance by 100.00%
Reduce width of actors\retsu\duck_block.png by 14 pixels to 32 to improve blit performance by 100.00%
Reduce width of actors\retsu\pain_01.png by 7 pixels to 48 to improve blit performance by 100.00%
Reduce width of actors\retsu\pain_02.png by 5 pixels to 48 to improve blit performance by 100.00%
Reduce width of actors\retsu\pain_01.png by 7 pixels to 48 to improve blit performance by 100.00%
Reduce width of actors\retsu\pain_02.png by 5 pixels to 48 to improve blit performance by 100.00%
Reduce width of actors\retsu\idle.png by 7 pixels to 48 to improve blit performance by 100.00%
Reduce width of actors\retsu\idle.png by 7 pixels to 48 to improve blit performance by 100.00%
Reduce width of actors\retsu\walk-02.png by 12 pixels to 32 to improve blit performance by 100.00%
Reduce width of actors\retsu\walk-02.png by 12 pixels to 32 to improve blit performance by 100.00%
Reduce width of actors\retsu\walk-02.png by 12 pixels to 32 to improve blit performance by 100.00%
Reduce width of actors\retsu\walk-02.png by 12 pixels to 32 to improve blit performance by 100.00%
Reduce width of actors\ryu\fireball\1002-2.png by 9 pixels to 16 to improve blit performance by 200.00%
Reduce width of actors\ryu\fireball\1002-3.png by 15 pixels to 16 to improve blit performance by 200.00%
Reduce width of actors\ryu\fireball\1001-0.png by 12 pixels to 16 to improve blit performance by 200.00%
Reduce width of actors\ryu\fireball\1001-1.png by 12 pixels to 16 to improve blit performance by 200.00%
Reduce width of actors\ryu\fireball\1001-0.png by 12 pixels to 16 to improve blit performance by 200.00%
Reduce width of actors\ryu\fireball\1001-1.png by 12 pixels to 16 to improve blit performance by 200.00%
Reduce width of actors\ryu\fireball\8000-3.png by 4 pixels to 16 to improve blit performance by 200.00%
Reduce width of actors\ryu\fireball\8000-4.png by 6 pixels to 16 to improve blit performance by 200.00%
Reduce width of actors\ryu\fireball\8000-5.png by 6 pixels to 16 to improve blit performance by 200.00%
Reduce width of actors\ryu\fireball\6000-1.png by 5 pixels to 16 to improve blit performance by 200.00%
Reduce width of actors\ryu\fireball\6000-2.png by 5 pixels to 16 to improve blit performance by 200.00%
Reduce width of actors\ryu\fireball\6000-3.png by 12 pixels to 16 to improve blit performance by 200.00%
Reduce width of actors\ryu\fireball\6000-4.png by 8 pixels to 16 to improve blit performance by 200.00%
Reduce width of actors\ryu\row-2-column-5.png by 8 pixels to 48 to improve blit performance by 100.00%
Reduce width of actors\ryu\row-2-column-9.png by 15 pixels to 32 to improve blit performance by 100.00%
Reduce width of actors\ryu\row-2-column-8.png by 7 pixels to 80 to improve blit performance by 100.00%
Reduce width of actors\ryu\row-2-column-7.png by 11 pixels to 48 to improve blit performance by 100.00%
Reduce width of actors\ryu\row-2-column-6.png by 8 pixels to 32 to improve blit performance by 100.00%
Reduce width of actors\ryu\row-2-column-5.png by 8 pixels to 48 to improve blit performance by 100.00%
Reduce width of actors\ryu\row-2-column-5.png by 8 pixels to 48 to improve blit performance by 100.00%
Reduce width of actors\ryu\row-2-column-9.png by 15 pixels to 32 to improve blit performance by 100.00%
Reduce width of actors\ryu\row-2-column-8.png by 7 pixels to 80 to improve blit performance by 100.00%
Reduce width of actors\ryu\row-2-column-7.png by 11 pixels to 48 to improve blit performance by 100.00%
Reduce width of actors\ryu\row-2-column-6.png by 8 pixels to 32 to improve blit performance by 100.00%
Reduce width of actors\ryu\row-2-column-5.png by 8 pixels to 48 to improve blit performance by 100.00%
Reduce width of actors\ryu\row-1-column-7.png by 8 pixels to 48 to improve blit performance by 100.00%
Reduce width of actors\ryu\row-1-column-10.png by 7 pixels to 48 to improve blit performance by 100.00%
Reduce width of actors\ryu\row-2-column-1.png by 15 pixels to 32 to improve blit performance by 100.00%
Reduce width of actors\ryu\row-2-column-2.png by 15 pixels to 80 to improve blit performance by 100.00%
Reduce width of actors\ryu\row-2-column-1.png by 15 pixels to 32 to improve blit performance by 100.00%
Reduce width of actors\ryu\row-1-column-7.png by 8 pixels to 48 to improve blit performance by 100.00%
Reduce width of actors\ryu\row-1-column-10.png by 7 pixels to 48 to improve blit performance by 100.00%
Reduce width of actors\ryu\row-2-column-1.png by 15 pixels to 32 to improve blit performance by 100.00%
Reduce width of actors\ryu\row-2-column-2.png by 15 pixels to 80 to improve blit performance by 100.00%
Reduce width of actors\ryu\row-2-column-1.png by 15 pixels to 32 to improve blit performance by 100.00%
Reduce width of actors\ryu\row-1-column-9.png by 9 pixels to 80 to improve blit performance by 100.00%
Reduce width of actors\ryu\row-1-column-9.png by 9 pixels to 80 to improve blit performance by 100.00%
Reduce width of actors\ryu\row-1-column-5.png by 13 pixels to 48 to improve blit performance by 100.00%
Reduce width of actors\ryu\row-1-column-6.png by 11 pixels to 64 to improve blit performance by 100.00%
Reduce width of actors\ryu\row-1-column-5.png by 13 pixels to 48 to improve blit performance by 100.00%
Reduce width of actors\ryu\row-1-column-5.png by 13 pixels to 48 to improve blit performance by 100.00%
Reduce width of actors\ryu\row-1-column-6.png by 11 pixels to 64 to improve blit performance by 100.00%
Reduce width of actors\ryu\row-1-column-5.png by 13 pixels to 48 to improve blit performance by 100.00%
Reduce width of actors\ryu\row-3-column-6.png by 4 pixels to 96 to improve blit performance by 100.00%
Reduce width of actors\ryu\row-3-column-6.png by 4 pixels to 96 to improve blit performance by 100.00%
Reduce width of actors\ryu\row-6-column-8.png by 14 pixels to 48 to improve blit performance by 100.00%
Reduce width of actors\ryu\row-6-column-10.png by 7 pixels to 32 to improve blit performance by 100.00%
Reduce width of actors\ryu\row-6-column-8.png by 14 pixels to 48 to improve blit performance by 100.00%
Reduce width of actors\ryu\row-6-column-10.png by 7 pixels to 32 to improve blit performance by 100.00%
Reduce width of actors\ryu\row-4-column-7.png by 4 pixels to 32 to improve blit performance by 100.00%
Reduce width of actors\ryu\row-4-column-8.png by 8 pixels to 80 to improve blit performance by 100.00%
Reduce width of actors\ryu\row-5-column-1.png by 7 pixels to 48 to improve blit performance by 100.00%
Reduce width of actors\ryu\row-4-column-10.png by 4 pixels to 48 to improve blit performance by 100.00%
Reduce width of actors\ryu\row-4-column-7.png by 4 pixels to 32 to improve blit performance by 100.00%
Reduce width of actors\ryu\row-4-column-8.png by 8 pixels to 80 to improve blit performance by 100.00%
Reduce width of actors\ryu\row-5-column-1.png by 7 pixels to 48 to improve blit performance by 100.00%
Reduce width of actors\ryu\row-4-column-10.png by 4 pixels to 48 to improve blit performance by 100.00%
Reduce width of actors\ryu\row-3-column-7.png by 5 pixels to 48 to improve blit performance by 100.00%
Reduce width of actors\ryu\row-3-column-8.png by 5 pixels to 80 to improve blit performance by 100.00%
Reduce width of actors\ryu\row-3-column-7.png by 5 pixels to 48 to improve blit performance by 100.00%
Reduce width of actors\ryu\row-3-column-7.png by 5 pixels to 48 to improve blit performance by 100.00%
Reduce width of actors\ryu\row-3-column-8.png by 5 pixels to 80 to improve blit performance by 100.00%
Reduce width of actors\ryu\row-3-column-7.png by 5 pixels to 48 to improve blit performance by 100.00%
Reduce width of actors\ryu\row-3-column-1.png by 15 pixels to 32 to improve blit performance by 100.00%
Reduce width of actors\ryu\row-3-column-1.png by 15 pixels to 32 to improve blit performance by 100.00%
Reduce width of actors\ryu\row-2-column-3b.png by 13 pixels to 48 to improve blit performance by 100.00%
Reduce width of actors\ryu\row-2-column-4.png by 5 pixels to 80 to improve blit performance by 100.00%
Reduce width of actors\ryu\row-2-column-3b.png by 13 pixels to 48 to improve blit performance by 100.00%
Reduce width of actors\ryu\row-2-column-4.png by 5 pixels to 80 to improve blit performance by 100.00%
Reduce width of actors\ryu\row-3-column-5.png by 15 pixels to 48 to improve blit performance by 100.00%
Reduce width of actors\ryu\row-3-column-5.png by 15 pixels to 48 to improve blit performance by 100.00%
Reduce width of actors\ryu\row-1-column-1.png by 14 pixels to 32 to improve blit performance by 100.00%
Reduce width of actors\ryu\row-1-column-1.png by 14 pixels to 32 to improve blit performance by 100.00%
Reduce width of actors\ryu\row-3-column-10.png by 4 pixels to 32 to improve blit performance by 100.00%
Reduce width of actors\ryu\row-6-column-6.png by 15 pixels to 32 to improve blit performance by 100.00%
Reduce width of actors\ryu\row-6-column-7.png by 11 pixels to 64 to improve blit performance by 100.00%
Reduce width of actors\ryu\row-6-column-6.png by 15 pixels to 32 to improve blit performance by 100.00%
Reduce width of actors\ryu\row-3-column-10.png by 4 pixels to 32 to improve blit performance by 100.00%
Reduce width of actors\ryu\row-3-column-10.png by 4 pixels to 32 to improve blit performance by 100.00%
Reduce width of actors\ryu\row-6-column-6.png by 15 pixels to 32 to improve blit performance by 100.00%
Reduce width of actors\ryu\row-6-column-7.png by 11 pixels to 64 to improve blit performance by 100.00%
Reduce width of actors\ryu\row-6-column-6.png by 15 pixels to 32 to improve blit performance by 100.00%
Reduce width of actors\ryu\row-3-column-10.png by 4 pixels to 32 to improve blit performance by 100.00%
Reduce width of actors\ryu\row-3-column-10.png by 4 pixels to 32 to improve blit performance by 100.00%
Reduce width of actors\ryu\row-7-column-2.png by 6 pixels to 32 to improve blit performance by 100.00%
Reduce width of actors\ryu\row-5-column-3.png by 10 pixels to 64 to improve blit performance by 100.00%
Reduce width of actors\ryu\row-3-column-10.png by 4 pixels to 32 to improve blit performance by 100.00%
Reduce width of actors\ryu\row-3-column-10.png by 4 pixels to 32 to improve blit performance by 100.00%
Reduce width of actors\ryu\row-7-column-2.png by 6 pixels to 32 to improve blit performance by 100.00%
Reduce width of actors\ryu\row-5-column-3.png by 10 pixels to 64 to improve blit performance by 100.00%
Reduce width of actors\ryu\row-3-column-10.png by 4 pixels to 32 to improve blit performance by 100.00%
Reduce width of actors\ryu\row-7-column-2.png by 6 pixels to 32 to improve blit performance by 100.00%
Reduce width of actors\ryu\row-5-column-2.png by 14 pixels to 64 to improve blit performance by 100.00%
Reduce width of actors\ryu\row-7-column-2.png by 6 pixels to 32 to improve blit performance by 100.00%
Reduce width of actors\ryu\row-5-column-2.png by 14 pixels to 64 to improve blit performance by 100.00%
Reduce width of actors\ryu\row-5-column-10.png by 13 pixels to 32 to improve blit performance by 100.00%
Reduce width of actors\ryu\row-5-column-4.png by 5 pixels to 64 to improve blit performance by 100.00%
Reduce width of actors\ryu\row-5-column-10.png by 13 pixels to 32 to improve blit performance by 100.00%
Reduce width of actors\ryu\row-5-column-4.png by 5 pixels to 64 to improve blit performance by 100.00%
Reduce width of actors\ryu\row-1-column-4.png by 13 pixels to 32 to improve blit performance by 100.00%
Reduce width of actors\ryu\row-5-column-5.png by 13 pixels to 32 to improve blit performance by 100.00%
Reduce width of actors\ryu\row-5-column-5.png by 13 pixels to 32 to improve blit performance by 100.00%
Reduce width of actors\ryu\row-1-column-4.png by 13 pixels to 32 to improve blit performance by 100.00%
Reduce width of actors\ryu\row-5-column-5.png by 13 pixels to 32 to improve blit performance by 100.00%
Reduce width of actors\ryu\row-5-column-5.png by 13 pixels to 32 to improve blit performance by 100.00%
Reduce width of actors\ryu\row-1-column-4.png by 13 pixels to 32 to improve blit performance by 100.00%
Reduce width of actors\ryu\row-1-column-4.png by 13 pixels to 32 to improve blit performance by 100.00%
Reduce width of actors\ryu\row-3-column-10.png by 4 pixels to 32 to improve blit performance by 100.00%
Reduce width of actors\ryu\row-1-column-4.png by 13 pixels to 32 to improve blit performance by 100.00%
Reduce width of actors\ryu\row-1-column-4.png by 13 pixels to 32 to improve blit performance by 100.00%
Reduce width of actors\ryu\row-3-column-10.png by 4 pixels to 32 to improve blit performance by 100.00%
Reduce width of actors\ryu\row-4-column-5.png by 8 pixels to 48 to improve blit performance by 100.00%
Reduce width of actors\ryu\row-4-column-5.png by 8 pixels to 48 to improve blit performance by 100.00%
Reduce width of actors\ryu\row-1-column-4.png by 13 pixels to 32 to improve blit performance by 100.00%
Reduce width of actors\ryu\row-3-column-10.png by 4 pixels to 32 to improve blit performance by 100.00%
Reduce width of actors\ryu\row-6-column-6.png by 15 pixels to 32 to improve blit performance by 100.00%
Reduce width of actors\ryu\row-4-column-4.png by 6 pixels to 80 to improve blit performance by 100.00%
Reduce width of actors\ryu\row-4-column-5.png by 8 pixels to 48 to improve blit performance by 100.00%
Reduce width of actors\ryu\row-4-column-4.png by 6 pixels to 80 to improve blit performance by 100.00%
Reduce width of actors\ryu\row-4-column-5.png by 8 pixels to 48 to improve blit performance by 100.00%
Reduce width of actors\ryu\row-4-column-4.png by 6 pixels to 80 to improve blit performance by 100.00%
Reduce width of actors\ryu\row-4-column-5.png by 8 pixels to 48 to improve blit performance by 100.00%
Reduce width of actors\ryu\row-4-column-4.png by 6 pixels to 80 to improve blit performance by 100.00%
Reduce width of actors\ryu\row-4-column-5.png by 8 pixels to 48 to improve blit performance by 100.00%
Reduce width of actors\ryu\row-4-column-4.png by 6 pixels to 80 to improve blit performance by 100.00%
Reduce width of actors\ryu\row-4-column-5.png by 8 pixels to 48 to improve blit performance by 100.00%
Reduce width of actors\ryu\row-1-column-4.png by 13 pixels to 32 to improve blit performance by 100.00%
Reduce width of actors\ryu\row-3-column-10.png by 4 pixels to 32 to improve blit performance by 100.00%
Reduce width of actors\ryu\row-6-column-6.png by 15 pixels to 32 to improve blit performance by 100.00%
Reduce width of actors\ryu\row-4-column-4.png by 6 pixels to 80 to improve blit performance by 100.00%
Reduce width of actors\ryu\row-4-column-5.png by 8 pixels to 48 to improve blit performance by 100.00%
Reduce width of actors\ryu\row-4-column-4.png by 6 pixels to 80 to improve blit performance by 100.00%
Reduce width of actors\ryu\row-4-column-5.png by 8 pixels to 48 to improve blit performance by 100.00%
Reduce width of actors\ryu\row-4-column-4.png by 6 pixels to 80 to improve blit performance by 100.00%
Reduce width of actors\ryu\row-4-column-5.png by 8 pixels to 48 to improve blit performance by 100.00%
Reduce width of actors\ryu\row-4-column-4.png by 6 pixels to 80 to improve blit performance by 100.00%
Reduce width of actors\ryu\row-4-column-5.png by 8 pixels to 48 to improve blit performance by 100.00%
Reduce width of actors\ryu\row-4-column-4.png by 6 pixels to 80 to improve blit performance by 100.00%
Reduce width of actors\ryu\row-4-column-5.png by 8 pixels to 48 to improve blit performance by 100.00%
Reduce width of actors\ryu\row-1-column-2.png by 15 pixels to 32 to improve blit performance by 100.00%
Reduce width of actors\ryu\row-1-column-2.png by 15 pixels to 32 to improve blit performance by 100.00%
Reduce width of actors\ryu\row-1-column-2.png by 15 pixels to 32 to improve blit performance by 100.00%
Reduce width of actors\ryu\row-1-column-2.png by 15 pixels to 32 to improve blit performance by 100.00%
Reduce width of actors\ryu\row-1-column-2.png by 15 pixels to 32 to improve blit performance by 100.00%
Reduce width of actors\ryu\row-1-column-2.png by 15 pixels to 32 to improve blit performance by 100.00%

=== Estimated memory usages ===

For chip:
Map gfx (level gfx bundle 11): 137600
Music memory (retsu_stage1): 187624
BP Buffer memory: 116400
core sfx/gfx memory: 1028068
Parallax memory: 28800

For other:
Map cache memory: 0
Map header cache memory: 0
Map data memory: 29776
Map background memory: 2672
EXE memory: 202096
vm memory: 26790
project memory: 17234

Accounted memory chip: 1498492
Accounted memory other: 278568
Accounted memory total: 1777060

=== Misc ===
Maps and Asset Bundles Count: 13
Maps and Asset Bundles Data Size: 156
Actor Count: 12
Actor Data Size: 2400
Block Count: 2
Block Data Size: 104
Anim5 Count: 0
Anim5 Data Size: 0
Sound Count: 5
Sound Data Size: 120
Teleporter Count: 1
Teleporter Data Size: 8
Animations Count: 81
Animations Data Size: 1296
AnimationFrame Count: 288
AnimationFrame Data Size: 4608
ImageFrames: 190
ImageFrame Data Size: 8360
Sprites: 1
Sprites Data Size: 14
Attack Data: 1
Attack Data Size: 66
Misc data size: 100
Asset bundle 0 (Core project asset bundle) Original size 1028068 Crunched size 1028068
Asset bundle 1 (adon_stage) Original size 79200 Crunched size 79200
Asset bundle 2 (birdie_stage) Original size 85920 Crunched size 85920
Asset bundle 3 (eagle_stage) Original size 70240 Crunched size 70240
Asset bundle 4 (geki_stage) Original size 69920 Crunched size 69920
Asset bundle 5 (gen_stage) Original size 77920 Crunched size 77920
Asset bundle 6 (joe_stage) Original size 83040 Crunched size 83040
Asset bundle 7 (lee_stage) Original size 94560 Crunched size 94560
Asset bundle 8 (mike_stage) Original size 94240 Crunched size 94240
Asset bundle 9 (retsu_stage) Original size 81440 Crunched size 81440
Asset bundle 10 (sagat_stage) Original size 45920 Crunched size 45920
Asset bundle 11 (vs_screen) Original size 137600 Crunched size 137600
Background for map adon_stage Original size 2672 Crunched size 2672
Background for map birdie_stage Original size 2672 Crunched size 2672
Background for map eagle_stage Original size 2672 Crunched size 2672
Background for map geki_stage Original size 2672 Crunched size 2672
Background for map gen_stage Original size 2672 Crunched size 2672
Background for map joe_stage Original size 2672 Crunched size 2672
Background for map lee_stage Original size 2672 Crunched size 2672
Background for map mike_stage Original size 2672 Crunched size 2672
Background for map retsu_stage Original size 2672 Crunched size 2672
Background for map sagat_stage Original size 2672 Crunched size 2672
Background for map vs_screen Original size 2672 Crunched size 2672
Music file stage2_geki Original size 166956 Crunched size 166956
Music file retsu_stage1 Original size 187624 Crunched size 187624
Music file stage1_retsu_v2 Original size 184100 Crunched size 184100
Tile data for map adon_stage (mem restrictions:None) Original size 4176 Crunched size 4176
Tile data for map birdie_stage (mem restrictions:None) Original size 4176 Crunched size 4176
Tile data for map eagle_stage (mem restrictions:None) Original size 4096 Crunched size 4096
Tile data for map geki_stage (mem restrictions:None) Original size 4176 Crunched size 4176
Tile data for map gen_stage (mem restrictions:None) Original size 4176 Crunched size 4176
Tile data for map joe_stage (mem restrictions:None) Original size 4176 Crunched size 4176
Tile data for map lee_stage (mem restrictions:None) Original size 4176 Crunched size 4176
Tile data for map mike_stage (mem restrictions:None) Original size 4176 Crunched size 4176
Tile data for map retsu_stage (mem restrictions:None) Original size 4176 Crunched size 4176
Tile data for map sagat_stage (mem restrictions:None) Original size 4176 Crunched size 4176
Tile data for map vs_screen (mem restrictions:None) Original size 29776 Crunched size 29776
Header data for map adon_stage Original size 7996 Crunched size 7996
Header data for map birdie_stage Original size 7996 Crunched size 7996
Header data for map eagle_stage Original size 7996 Crunched size 7996
Header data for map geki_stage Original size 7996 Crunched size 7996
Header data for map gen_stage Original size 7996 Crunched size 7996
Header data for map joe_stage Original size 7996 Crunched size 7996
Header data for map lee_stage Original size 7996 Crunched size 7996
Header data for map mike_stage Original size 7996 Crunched size 7996
Header data for map retsu_stage Original size 7996 Crunched size 7996
Header data for map sagat_stage Original size 7996 Crunched size 7996
Header data for map vs_screen Original size 7996 Crunched size 7996
Parallax for map adon_stage Original size 28800 Crunched size 28800
Parallax for map eagle_stage Original size 28800 Crunched size 28800
Parallax for map geki_stage Original size 28800 Crunched size 28800
Parallax for map gen_stage Original size 28800 Crunched size 28800
Parallax for map sagat_stage Original size 14400 Crunched size 14400
Project Data Original size 17234 Crunched size 17234
Project Header Original size 4032 Crunched size 4032
Panel scorpion_eng_splashscreen Original size 35944 Crunched size 3280
Panel bottom_panel Original size 23322 Crunched size 23322
Panel top_panel Original size 18634 Crunched size 18634
Project virtual machine (codeblocks) Original size 26790 Crunched size 26790
Project virtual machine redirects Original size 4 Crunched size 4

=== Possibly unused animations ===
retsu_atk_hk_r
retsu_atk_hk_l
retsu_atk_hp_r
retsu_atk_hp_l
retsu_atk_lk_r
retsu_atk_lk_l
retsu_atk_lp_r
retsu_atk_lp_l
retsu_block_r
retsu_block_l
retsu_dead_r
retsu_dead_l
retsu_duck_atk_hk_r
retsu_duck_atk_hk_l
retsu_duck_pain_r
retsu_duck_pain_l
retsu_fall_r
retsu_fall_l
retsu_hurt_stand_r
retsu_hurt_stand_l
retsu_step_forward_r
retsu_step_forward_l
flash_block
ryu_atk_hk_r
ryu_atk_hk_l
ryu_atk_hp_r
ryu_atk_hp_l
ryu_atk_lk_r
ryu_atk_lk_l
ryu_atk_lp_r
ryu_atk_lp_l
ryu_dead_r
ryu_dead_l
ryu_dragon_punch_r
ryu_dragon_punch_l
ryu_duck_atk_hk_r
ryu_duck_atk_hk_l
ryu_duck_atk_hp_r
ryu_duck_atk_hp_l
ryu_duck_atk_lk_r
ryu_duck_atk_lk_l
ryu_duck_atk_lp_r
ryu_duck_atk_lp_l
ryu_fireball_r
ryu_fireball_l
ryu_hurt_fall_r
ryu_hurt_fall_l
ryu_hurt_stand_r
ryu_hurt_stand_l
ryu_jump_atk_hk_r
ryu_jump_atk_hk_l
ryu_jump_atk_hp_r
ryu_jump_atk_hp_l
ryu_jump_atk_lk_r
ryu_jump_atk_lk_l
ryu_jump_atk_lp_r
ryu_jump_atk_lp_l
ryu_jump_forward_r
ryu_jump_forward_l
ryu_jump_r
ryu_jump_l
ryu_tatsu_end_r
ryu_tatsu_end_l
ryu_tatsu_r
ryu_tatsu_l

=== Codeblocks by compiled size ===
startup: 6742
player_ontimer: 1682
load_level: 1012
enemy_take_damage: 738
player_on_land: 552
vs_colour_adon: 474
vs_colour_birdie: 474
vs_colour_eagle: 474
vs_colour_geki: 474
vs_colour_gen: 474
vs_colour_joe: 474
vs_colour_ken: 474
vs_colour_lee: 474
vs_colour_mike: 474
vs_colour_sagat: 474
colour_stages: 458
set_yresolution: 448 (Unused?)
vs_colour_ryu: 446
player_ducking: 438
player_take_damage_gosub: 436
colour_geki_stage: 418
colour_joe_stage: 418
enemy_ai: 378
do_teleport: 362
vs_colour_retsu: 362
flipscreen_smooth: 346 (Unused?)
ryu_tatsu: 344
enemy_on_land: 314
camera: 312
flipxymove: 306 (Unused?)
pause: 252 (Unused?)
snap_to_screen: 190
pre_startup: 188
flipymove: 174 (Unused?)
flipxmove: 158 (Unused?)
ryu_jump: 158
check_direction: 152
load_panel: 146
pre_quit: 146
damage_light_standing_gosub: 132
ryu_dragon_punch: 126
destroy_all_blocks: 124 (Unused?)
unload_level: 114
fireball_hit: 108
blocks_clear: 98 (Unused?)
load_panel_bottom: 96
load_panel_top: 96 (Unused?)
waitforfireup: 94
unload_panel: 92
wrap_screen_bottom: 92 (Unused?)
wrap_screen_right: 92 (Unused?)
waitforfiredown: 90
wrap_screen_left: 88 (Unused?)
wrap_screen_top: 88 (Unused?)
flipscreen: 86 (Unused?)
pre_anim5: 86 (Unused?)
waitforfirehit: 86
fadeout: 84
waitforframes: 78
player_take_damage: 76
enemy_step_forward: 70
enemy_x: 68
quit: 66 (Unused?)
destroy_all_actors: 62 (Unused?)
jump_actor: 62 (Unused?)
load_music: 62
unload_panel_bottom: 62
unload_panel_top: 62
ryu_fireball: 60
vs_goto_restsu_in: 60 (Unused?)
fadein: 58
load_panel_finish: 56
destroy_actor: 54
regenerate_screen: 52
return: 52 (Unused?)
destroy_block: 48 (Unused?)
test: 46 (Unused?)
regenerate_screen_wait: 42
camera_enemy_pos: 42
debug_dump: 30 (Unused?)
vm_registers: 26 (Unused?)
vm_constants: 26 (Unused?)
debug_breakpoint: 26 (Unused?)
vm_constants_controlbits: 26 (Unused?)
vm_constants_notes: 26 (Unused?)
vm_constants_tile_properties: 26 (Unused?)
vm_constants_platform: 26 (Unused?)
