=== Image optimisations ===
Reduce width of actors\retsu\210-0.png by 14 pixels to 48 to improve blit performance by 100.00%
Reduce width of actors\retsu\210-1.png by 11 pixels to 80 to improve blit performance by 100.00%
Reduce width of actors\retsu\210-0.png by 14 pixels to 48 to improve blit performance by 100.00%
Reduce width of actors\retsu\210-0.png by 14 pixels to 48 to improve blit performance by 100.00%
Reduce width of actors\retsu\210-1.png by 11 pixels to 80 to improve blit performance by 100.00%
Reduce width of actors\retsu\210-0.png by 14 pixels to 48 to improve blit performance by 100.00%
Reduce width of actors\retsu\220-0.png by 4 pixels to 48 to improve blit performance by 100.00%
Reduce width of actors\retsu\220-1.png by 8 pixels to 80 to improve blit performance by 100.00%
Reduce width of actors\retsu\220-0.png by 4 pixels to 48 to improve blit performance by 100.00%
Reduce width of actors\retsu\220-0.png by 4 pixels to 48 to improve blit performance by 100.00%
Reduce width of actors\retsu\220-1.png by 8 pixels to 80 to improve blit performance by 100.00%
Reduce width of actors\retsu\220-0.png by 4 pixels to 48 to improve blit performance by 100.00%
Reduce width of actors\retsu\5040-10.png by 12 pixels to 96 to improve blit performance by 100.00%
Reduce width of actors\retsu\5040-10.png by 12 pixels to 96 to improve blit performance by 100.00%
Reduce width of actors\retsu\5000-0.png by 7 pixels to 48 to improve blit performance by 100.00%
Reduce width of actors\retsu\5000-0.png by 7 pixels to 48 to improve blit performance by 100.00%
Reduce width of actors\retsu\idle.png by 7 pixels to 48 to improve blit performance by 100.00%
Reduce width of actors\retsu\idle.png by 7 pixels to 48 to improve blit performance by 100.00%
Reduce width of actors\retsu\20-3.png by 12 pixels to 32 to improve blit performance by 100.00%
Reduce width of actors\retsu\20-3.png by 12 pixels to 32 to improve blit performance by 100.00%
Reduce width of actors\ryu\fireball\1002-2.png by 9 pixels to 16 to improve blit performance by 200.00%
Reduce width of actors\ryu\fireball\1002-3.png by 15 pixels to 16 to improve blit performance by 200.00%
Reduce width of actors\ryu\fireball\1001-0.png by 12 pixels to 16 to improve blit performance by 200.00%
Reduce width of actors\ryu\fireball\1001-1.png by 12 pixels to 16 to improve blit performance by 200.00%
Reduce width of actors\ryu\fireball\1001-0.png by 12 pixels to 16 to improve blit performance by 200.00%
Reduce width of actors\ryu\fireball\1001-1.png by 12 pixels to 16 to improve blit performance by 200.00%
Reduce width of actors\ryu\fireball\8000-3.png by 4 pixels to 16 to improve blit performance by 200.00%
Reduce width of actors\ryu\fireball\8000-4.png by 6 pixels to 16 to improve blit performance by 200.00%
Reduce width of actors\ryu\fireball\8000-5.png by 6 pixels to 16 to improve blit performance by 200.00%
Reduce width of actors\ryu\fireball\6000-1.png by 5 pixels to 16 to improve blit performance by 200.00%
Reduce width of actors\ryu\fireball\6000-2.png by 5 pixels to 16 to improve blit performance by 200.00%
Reduce width of actors\ryu\fireball\6000-3.png by 12 pixels to 16 to improve blit performance by 200.00%
Reduce width of actors\ryu\fireball\6000-4.png by 8 pixels to 16 to improve blit performance by 200.00%
Reduce width of actors\ryu\row-2-column-5.png by 8 pixels to 48 to improve blit performance by 100.00%
Reduce width of actors\ryu\row-2-column-9.png by 15 pixels to 32 to improve blit performance by 100.00%
Reduce width of actors\ryu\row-2-column-8.png by 7 pixels to 80 to improve blit performance by 100.00%
Reduce width of actors\ryu\row-2-column-7.png by 11 pixels to 48 to improve blit performance by 100.00%
Reduce width of actors\ryu\row-2-column-6.png by 8 pixels to 32 to improve blit performance by 100.00%
Reduce width of actors\ryu\row-2-column-5.png by 8 pixels to 48 to improve blit performance by 100.00%
Reduce width of actors\ryu\row-2-column-5.png by 8 pixels to 48 to improve blit performance by 100.00%
Reduce width of actors\ryu\row-2-column-9.png by 15 pixels to 32 to improve blit performance by 100.00%
Reduce width of actors\ryu\row-2-column-8.png by 7 pixels to 80 to improve blit performance by 100.00%
Reduce width of actors\ryu\row-2-column-7.png by 11 pixels to 48 to improve blit performance by 100.00%
Reduce width of actors\ryu\row-2-column-6.png by 8 pixels to 32 to improve blit performance by 100.00%
Reduce width of actors\ryu\row-2-column-5.png by 8 pixels to 48 to improve blit performance by 100.00%
Reduce width of actors\ryu\row-1-column-7.png by 8 pixels to 48 to improve blit performance by 100.00%
Reduce width of actors\ryu\row-1-column-10.png by 7 pixels to 48 to improve blit performance by 100.00%
Reduce width of actors\ryu\row-2-column-1.png by 15 pixels to 32 to improve blit performance by 100.00%
Reduce width of actors\ryu\row-2-column-2.png by 15 pixels to 80 to improve blit performance by 100.00%
Reduce width of actors\ryu\row-2-column-1.png by 15 pixels to 32 to improve blit performance by 100.00%
Reduce width of actors\ryu\row-1-column-7.png by 8 pixels to 48 to improve blit performance by 100.00%
Reduce width of actors\ryu\row-1-column-10.png by 7 pixels to 48 to improve blit performance by 100.00%
Reduce width of actors\ryu\row-2-column-1.png by 15 pixels to 32 to improve blit performance by 100.00%
Reduce width of actors\ryu\row-2-column-2.png by 15 pixels to 80 to improve blit performance by 100.00%
Reduce width of actors\ryu\row-2-column-1.png by 15 pixels to 32 to improve blit performance by 100.00%
Reduce width of actors\ryu\row-1-column-9.png by 9 pixels to 80 to improve blit performance by 100.00%
Reduce width of actors\ryu\row-1-column-9.png by 9 pixels to 80 to improve blit performance by 100.00%
Reduce width of actors\ryu\row-1-column-5.png by 13 pixels to 48 to improve blit performance by 100.00%
Reduce width of actors\ryu\row-1-column-6.png by 11 pixels to 64 to improve blit performance by 100.00%
Reduce width of actors\ryu\row-1-column-5.png by 13 pixels to 48 to improve blit performance by 100.00%
Reduce width of actors\ryu\row-1-column-5.png by 13 pixels to 48 to improve blit performance by 100.00%
Reduce width of actors\ryu\row-1-column-6.png by 11 pixels to 64 to improve blit performance by 100.00%
Reduce width of actors\ryu\row-1-column-5.png by 13 pixels to 48 to improve blit performance by 100.00%
Reduce width of actors\ryu\row-3-column-6.png by 4 pixels to 96 to improve blit performance by 100.00%
Reduce width of actors\ryu\row-3-column-6.png by 4 pixels to 96 to improve blit performance by 100.00%
Reduce width of actors\ryu\row-6-column-8.png by 14 pixels to 48 to improve blit performance by 100.00%
Reduce width of actors\ryu\row-6-column-10.png by 7 pixels to 32 to improve blit performance by 100.00%
Reduce width of actors\ryu\row-6-column-8.png by 14 pixels to 48 to improve blit performance by 100.00%
Reduce width of actors\ryu\row-6-column-10.png by 7 pixels to 32 to improve blit performance by 100.00%
Reduce width of actors\ryu\row-4-column-7.png by 4 pixels to 32 to improve blit performance by 100.00%
Reduce width of actors\ryu\row-4-column-8.png by 8 pixels to 80 to improve blit performance by 100.00%
Reduce width of actors\ryu\row-5-column-1.png by 7 pixels to 48 to improve blit performance by 100.00%
Reduce width of actors\ryu\row-4-column-10.png by 4 pixels to 48 to improve blit performance by 100.00%
Reduce width of actors\ryu\row-4-column-7.png by 4 pixels to 32 to improve blit performance by 100.00%
Reduce width of actors\ryu\row-4-column-8.png by 8 pixels to 80 to improve blit performance by 100.00%
Reduce width of actors\ryu\row-5-column-1.png by 7 pixels to 48 to improve blit performance by 100.00%
Reduce width of actors\ryu\row-4-column-10.png by 4 pixels to 48 to improve blit performance by 100.00%
Reduce width of actors\ryu\row-3-column-7.png by 5 pixels to 48 to improve blit performance by 100.00%
Reduce width of actors\ryu\row-3-column-8.png by 5 pixels to 80 to improve blit performance by 100.00%
Reduce width of actors\ryu\row-3-column-7.png by 5 pixels to 48 to improve blit performance by 100.00%
Reduce width of actors\ryu\row-3-column-7.png by 5 pixels to 48 to improve blit performance by 100.00%
Reduce width of actors\ryu\row-3-column-8.png by 5 pixels to 80 to improve blit performance by 100.00%
Reduce width of actors\ryu\row-3-column-7.png by 5 pixels to 48 to improve blit performance by 100.00%
Reduce width of actors\ryu\row-3-column-1.png by 15 pixels to 32 to improve blit performance by 100.00%
Reduce width of actors\ryu\row-3-column-1.png by 15 pixels to 32 to improve blit performance by 100.00%
Reduce width of actors\ryu\row-2-column-3b.png by 13 pixels to 48 to improve blit performance by 100.00%
Reduce width of actors\ryu\row-2-column-4.png by 5 pixels to 80 to improve blit performance by 100.00%
Reduce width of actors\ryu\row-2-column-4.png by 5 pixels to 80 to improve blit performance by 100.00%
Reduce width of actors\ryu\row-2-column-3b.png by 13 pixels to 48 to improve blit performance by 100.00%
Reduce width of actors\ryu\row-2-column-4.png by 5 pixels to 80 to improve blit performance by 100.00%
Reduce width of actors\ryu\row-2-column-4.png by 5 pixels to 80 to improve blit performance by 100.00%
Reduce width of actors\ryu\row-3-column-5.png by 15 pixels to 48 to improve blit performance by 100.00%
Reduce width of actors\ryu\row-3-column-5.png by 15 pixels to 48 to improve blit performance by 100.00%
Reduce width of actors\ryu\row-1-column-1.png by 14 pixels to 32 to improve blit performance by 100.00%
Reduce width of actors\ryu\row-1-column-1.png by 14 pixels to 32 to improve blit performance by 100.00%
Reduce width of actors\ryu\row-3-column-10.png by 4 pixels to 32 to improve blit performance by 100.00%
Reduce width of actors\ryu\row-6-column-6.png by 15 pixels to 32 to improve blit performance by 100.00%
Reduce width of actors\ryu\row-6-column-7.png by 11 pixels to 64 to improve blit performance by 100.00%
Reduce width of actors\ryu\row-6-column-6.png by 15 pixels to 32 to improve blit performance by 100.00%
Reduce width of actors\ryu\row-3-column-10.png by 4 pixels to 32 to improve blit performance by 100.00%
Reduce width of actors\ryu\row-3-column-10.png by 4 pixels to 32 to improve blit performance by 100.00%
Reduce width of actors\ryu\row-6-column-6.png by 15 pixels to 32 to improve blit performance by 100.00%
Reduce width of actors\ryu\row-6-column-7.png by 11 pixels to 64 to improve blit performance by 100.00%
Reduce width of actors\ryu\row-6-column-6.png by 15 pixels to 32 to improve blit performance by 100.00%
Reduce width of actors\ryu\row-3-column-10.png by 4 pixels to 32 to improve blit performance by 100.00%
Reduce width of actors\ryu\row-3-column-10.png by 4 pixels to 32 to improve blit performance by 100.00%
Reduce width of actors\ryu\row-7-column-2.png by 6 pixels to 32 to improve blit performance by 100.00%
Reduce width of actors\ryu\row-5-column-3.png by 10 pixels to 64 to improve blit performance by 100.00%
Reduce width of actors\ryu\row-3-column-10.png by 4 pixels to 32 to improve blit performance by 100.00%
Reduce width of actors\ryu\row-3-column-10.png by 4 pixels to 32 to improve blit performance by 100.00%
Reduce width of actors\ryu\row-7-column-2.png by 6 pixels to 32 to improve blit performance by 100.00%
Reduce width of actors\ryu\row-5-column-3.png by 10 pixels to 64 to improve blit performance by 100.00%
Reduce width of actors\ryu\row-3-column-10.png by 4 pixels to 32 to improve blit performance by 100.00%
Reduce width of actors\ryu\row-7-column-2.png by 6 pixels to 32 to improve blit performance by 100.00%
Reduce width of actors\ryu\row-5-column-2.png by 14 pixels to 64 to improve blit performance by 100.00%
Reduce width of actors\ryu\row-7-column-2.png by 6 pixels to 32 to improve blit performance by 100.00%
Reduce width of actors\ryu\row-5-column-2.png by 14 pixels to 64 to improve blit performance by 100.00%
Reduce width of actors\ryu\row-5-column-10.png by 13 pixels to 32 to improve blit performance by 100.00%
Reduce width of actors\ryu\row-5-column-4.png by 5 pixels to 64 to improve blit performance by 100.00%
Reduce width of actors\ryu\row-5-column-10.png by 13 pixels to 32 to improve blit performance by 100.00%
Reduce width of actors\ryu\row-5-column-4.png by 5 pixels to 64 to improve blit performance by 100.00%
Reduce width of actors\ryu\row-1-column-4.png by 13 pixels to 32 to improve blit performance by 100.00%
Reduce width of actors\ryu\row-5-column-5.png by 13 pixels to 32 to improve blit performance by 100.00%
Reduce width of actors\ryu\row-5-column-5.png by 13 pixels to 32 to improve blit performance by 100.00%
Reduce width of actors\ryu\row-1-column-4.png by 13 pixels to 32 to improve blit performance by 100.00%
Reduce width of actors\ryu\row-5-column-5.png by 13 pixels to 32 to improve blit performance by 100.00%
Reduce width of actors\ryu\row-5-column-5.png by 13 pixels to 32 to improve blit performance by 100.00%
Reduce width of actors\ryu\row-1-column-4.png by 13 pixels to 32 to improve blit performance by 100.00%
Reduce width of actors\ryu\row-1-column-4.png by 13 pixels to 32 to improve blit performance by 100.00%
Reduce width of actors\ryu\row-3-column-10.png by 4 pixels to 32 to improve blit performance by 100.00%
Reduce width of actors\ryu\row-1-column-4.png by 13 pixels to 32 to improve blit performance by 100.00%
Reduce width of actors\ryu\row-1-column-4.png by 13 pixels to 32 to improve blit performance by 100.00%
Reduce width of actors\ryu\row-3-column-10.png by 4 pixels to 32 to improve blit performance by 100.00%
Reduce width of actors\ryu\row-4-column-5.png by 8 pixels to 48 to improve blit performance by 100.00%
Reduce width of actors\ryu\row-4-column-5.png by 8 pixels to 48 to improve blit performance by 100.00%
Reduce width of actors\ryu\row-1-column-4.png by 13 pixels to 32 to improve blit performance by 100.00%
Reduce width of actors\ryu\row-3-column-10.png by 4 pixels to 32 to improve blit performance by 100.00%
Reduce width of actors\ryu\row-6-column-6.png by 15 pixels to 32 to improve blit performance by 100.00%
Reduce width of actors\ryu\row-4-column-4.png by 6 pixels to 80 to improve blit performance by 100.00%
Reduce width of actors\ryu\row-4-column-5.png by 8 pixels to 48 to improve blit performance by 100.00%
Reduce width of actors\ryu\row-4-column-4.png by 6 pixels to 80 to improve blit performance by 100.00%
Reduce width of actors\ryu\row-4-column-5.png by 8 pixels to 48 to improve blit performance by 100.00%
Reduce width of actors\ryu\row-4-column-4.png by 6 pixels to 80 to improve blit performance by 100.00%
Reduce width of actors\ryu\row-4-column-5.png by 8 pixels to 48 to improve blit performance by 100.00%
Reduce width of actors\ryu\row-4-column-4.png by 6 pixels to 80 to improve blit performance by 100.00%
Reduce width of actors\ryu\row-4-column-5.png by 8 pixels to 48 to improve blit performance by 100.00%
Reduce width of actors\ryu\row-4-column-4.png by 6 pixels to 80 to improve blit performance by 100.00%
Reduce width of actors\ryu\row-4-column-5.png by 8 pixels to 48 to improve blit performance by 100.00%
Reduce width of actors\ryu\row-1-column-4.png by 13 pixels to 32 to improve blit performance by 100.00%
Reduce width of actors\ryu\row-3-column-10.png by 4 pixels to 32 to improve blit performance by 100.00%
Reduce width of actors\ryu\row-6-column-6.png by 15 pixels to 32 to improve blit performance by 100.00%
Reduce width of actors\ryu\row-4-column-4.png by 6 pixels to 80 to improve blit performance by 100.00%
Reduce width of actors\ryu\row-4-column-5.png by 8 pixels to 48 to improve blit performance by 100.00%
Reduce width of actors\ryu\row-4-column-4.png by 6 pixels to 80 to improve blit performance by 100.00%
Reduce width of actors\ryu\row-4-column-5.png by 8 pixels to 48 to improve blit performance by 100.00%
Reduce width of actors\ryu\row-4-column-4.png by 6 pixels to 80 to improve blit performance by 100.00%
Reduce width of actors\ryu\row-4-column-5.png by 8 pixels to 48 to improve blit performance by 100.00%
Reduce width of actors\ryu\row-4-column-4.png by 6 pixels to 80 to improve blit performance by 100.00%
Reduce width of actors\ryu\row-4-column-5.png by 8 pixels to 48 to improve blit performance by 100.00%
Reduce width of actors\ryu\row-4-column-4.png by 6 pixels to 80 to improve blit performance by 100.00%
Reduce width of actors\ryu\row-4-column-5.png by 8 pixels to 48 to improve blit performance by 100.00%
Reduce width of actors\ryu\row-1-column-2.png by 15 pixels to 32 to improve blit performance by 100.00%
Reduce width of actors\ryu\row-1-column-2.png by 15 pixels to 32 to improve blit performance by 100.00%
Reduce width of actors\ryu\row-1-column-2.png by 15 pixels to 32 to improve blit performance by 100.00%
Reduce width of actors\ryu\row-1-column-2.png by 15 pixels to 32 to improve blit performance by 100.00%
Reduce width of actors\ryu\row-1-column-2.png by 15 pixels to 32 to improve blit performance by 100.00%
Reduce width of actors\ryu\row-1-column-2.png by 15 pixels to 32 to improve blit performance by 100.00%

=== Estimated memory usages ===

For chip:
Map gfx (level gfx bundle 3): 0
Music memory (): 0
BP Buffer memory: 116400
core sfx/gfx memory: 805188
Parallax memory: 0

For other:
Map cache memory: 0
Map header cache memory: 0
Map data memory: 0
Map background memory: 0
EXE memory: 201352
vm memory: 128060
project memory: 14530

Accounted memory chip: 921588
Accounted memory other: 343942
Accounted memory total: 1265530

=== Misc ===
Maps and Asset Bundles Count: 5
Maps and Asset Bundles Data Size: 60
Actor Count: 12
Actor Data Size: 2400
Block Count: 2
Block Data Size: 104
Anim5 Count: 0
Anim5 Data Size: 0
Sound Count: 5
Sound Data Size: 120
Teleporter Count: 1
Teleporter Data Size: 8
Animations Count: 69
Animations Data Size: 1104
AnimationFrame Count: 236
AnimationFrame Data Size: 3776
ImageFrames: 154
ImageFrame Data Size: 6776
Sprites: 1
Sprites Data Size: 14
Attack Data: 1
Attack Data Size: 66
Misc data size: 100
Asset bundle 0 (Core project asset bundle) Original size 805188 Crunched size 805188
Asset bundle 1 (geki_stage) Original size 54720 Crunched size 54720
Asset bundle 2 (original_japan) Original size 65440 Crunched size 65440
Asset bundle 3 (vs_screen) Original size 137600 Crunched size 137600
Background for map geki_stage Original size 2672 Crunched size 2672
Background for map original_japan Original size 2672 Crunched size 2672
Background for map vs_screen Original size 2672 Crunched size 2672
Tile data for map geki_stage (mem restrictions:None) Original size 4176 Crunched size 4176
Tile data for map original_japan (mem restrictions:None) Original size 4176 Crunched size 4176
Tile data for map vs_screen (mem restrictions:None) Original size 29776 Crunched size 29776
Header data for map geki_stage Original size 7996 Crunched size 7996
Header data for map original_japan Original size 7996 Crunched size 7996
Header data for map vs_screen Original size 7996 Crunched size 7996
Parallax for map geki_stage Original size 28800 Crunched size 28800
Project Data Original size 14530 Crunched size 14530
Project Header Original size 4032 Crunched size 4032
Panel scorpion_eng_splashscreen Original size 35944 Crunched size 3280
Panel bottom_panel Original size 23322 Crunched size 23322
Panel top_panel Original size 18604 Crunched size 18604
Project virtual machine (codeblocks) Original size 128060 Crunched size 128060
Project virtual machine redirects Original size 688 Crunched size 688

=== Possibly unused animations ===
retsu_atk_hp_r
retsu_atk_hp_l
retsu_atk_lk_r
retsu_atk_lk_l
retsu_dead_r
retsu_dead_l
retsu_fall_r
retsu_fall_l
retsu_hurt_stand_r
retsu_hurt_stand_l
retsu_walk_r
retsu_walk_l
flash_block
ryu_atk_hk_r
ryu_atk_hk_l
ryu_atk_hp_r
ryu_atk_hp_l
ryu_atk_lk_r
ryu_atk_lk_l
ryu_atk_lp_r
ryu_atk_lp_l
ryu_dead_r
ryu_dead_l
ryu_dragon_punch_r
ryu_dragon_punch_l
ryu_duck_atk_hk_r
ryu_duck_atk_hk_l
ryu_duck_atk_hp_r
ryu_duck_atk_hp_l
ryu_duck_atk_lk_r
ryu_duck_atk_lk_l
ryu_duck_atk_lp_r
ryu_duck_atk_lp_l
ryu_fireball_r
ryu_fireball_l
ryu_hurt_fall_r
ryu_hurt_fall_l
ryu_hurt_stand_r
ryu_hurt_stand_l
ryu_jump_atk_hk_r
ryu_jump_atk_hk_l
ryu_jump_atk_hp_r
ryu_jump_atk_hp_l
ryu_jump_atk_lk_r
ryu_jump_atk_lk_l
ryu_jump_atk_lp_r
ryu_jump_atk_lp_l
ryu_jump_forward_r
ryu_jump_forward_l
ryu_jump_r
ryu_jump_l
ryu_tatsu_end_r
ryu_tatsu_end_l
ryu_tatsu_r
ryu_tatsu_l

=== Codeblocks by compiled size ===
startup: 25314
ryu_ontimer: 18292
enemy_take_damage_gosub: 4800
load_level: 4538
on_land_gosub: 3346
ducking: 2978
enemy_ai: 2686
pause: 2598
set_yresolution: 2538
player_take_damage_gosub: 2492
vs_colour_birdie: 1940
vs_colour_eagle: 1924
vs_colour_sagat: 1924
vs_colour_adon: 1906
vs_colour_geki: 1906
vs_colour_mike: 1906
vs_colour_gen: 1890
vs_colour_joe: 1890
vs_colour_ken: 1890
vs_colour_lee: 1890
flipscreen_smooth: 1788
vs_colour_ryu: 1718
do_teleport: 1690
flipxymove: 1678
ryu_tatsu: 1634
vs_colour_retsu: 1460
camera: 1410
pre_startup: 1390
snap_to_screen: 1158
blocks_clear: 1112
colour_geki_stage: 1070
load_panel: 1056
check_direction: 998
unload_panel: 934
destroy_all_blocks: 880
ryu_dragon_punch: 880
flipymove: 808
unload_level: 790
load_panel_bottom: 770
pre_quit: 764
load_panel_top: 742
ryu_jump: 742
waitforfireup: 706
damage_light_standing_gosub: 706
flipxmove: 704
waitforfiredown: 704
fadeout: 660
waitforframes: 628
load_music: 588
fadein: 536
unload_panel_bottom: 482
fireball_hit: 474
unload_panel_top: 464
vs_goto_restsu_in: 440
load_panel_finish: 408
waitforfirehit: 394
wrap_screen_bottom: 360
wrap_screen_right: 358
test: 354
pre_anim5: 344
wrap_screen_left: 344
wrap_screen_top: 340
enemy_x: 332
enemy_take_damage: 280
player_take_damage: 276
regenerate_screen_wait: 258
regenerate_screen: 254
ryu_fireball: 248
vm_constants_tile_properties: 204
flipscreen: 198
destroy_all_actors: 188
jump_actor: 154
quit: 140
destroy_block: 132
destroy_actor: 122
debug_breakpoint: 116
return: 106
debug_dump: 104
vm_registers: 26
vm_constants: 26
vm_constants_controlbits: 26
vm_constants_notes: 26
vm_constants_platform: 26
