=== Image optimisations ===
Reduce width of actors\retsu\210-0.png by 14 pixels to 48 to improve blit performance by 100.00%
Reduce width of actors\retsu\210-1.png by 11 pixels to 80 to improve blit performance by 100.00%
Reduce width of actors\retsu\210-0.png by 14 pixels to 48 to improve blit performance by 100.00%
Reduce width of actors\retsu\210-0.png by 14 pixels to 48 to improve blit performance by 100.00%
Reduce width of actors\retsu\210-1.png by 11 pixels to 80 to improve blit performance by 100.00%
Reduce width of actors\retsu\210-0.png by 14 pixels to 48 to improve blit performance by 100.00%
Reduce width of actors\retsu\220-0.png by 4 pixels to 48 to improve blit performance by 100.00%
Reduce width of actors\retsu\220-1.png by 8 pixels to 80 to improve blit performance by 100.00%
Reduce width of actors\retsu\220-0.png by 4 pixels to 48 to improve blit performance by 100.00%
Reduce width of actors\retsu\220-0.png by 4 pixels to 48 to improve blit performance by 100.00%
Reduce width of actors\retsu\220-1.png by 8 pixels to 80 to improve blit performance by 100.00%
Reduce width of actors\retsu\220-0.png by 4 pixels to 48 to improve blit performance by 100.00%
Reduce width of actors\retsu\5000-0.png by 7 pixels to 48 to improve blit performance by 100.00%
Reduce width of actors\retsu\5000-0.png by 7 pixels to 48 to improve blit performance by 100.00%
Reduce width of actors\retsu\idle.png by 7 pixels to 48 to improve blit performance by 100.00%
Reduce width of actors\retsu\idle.png by 7 pixels to 48 to improve blit performance by 100.00%
Reduce width of actors\retsu\20-3.png by 12 pixels to 32 to improve blit performance by 100.00%
Reduce width of actors\retsu\20-3.png by 12 pixels to 32 to improve blit performance by 100.00%
Reduce width of actors\ryu\fireball\1002-2.png by 9 pixels to 16 to improve blit performance by 200.00%
Reduce width of actors\ryu\fireball\1002-3.png by 15 pixels to 16 to improve blit performance by 200.00%
Reduce width of actors\ryu\fireball\1001-0.png by 12 pixels to 16 to improve blit performance by 200.00%
Reduce width of actors\ryu\fireball\1001-1.png by 12 pixels to 16 to improve blit performance by 200.00%
Reduce width of actors\ryu\fireball\1001-0.png by 12 pixels to 16 to improve blit performance by 200.00%
Reduce width of actors\ryu\fireball\1001-1.png by 12 pixels to 16 to improve blit performance by 200.00%
Reduce width of actors\ryu\fireball\8000-3.png by 4 pixels to 16 to improve blit performance by 200.00%
Reduce width of actors\ryu\fireball\8000-4.png by 6 pixels to 16 to improve blit performance by 200.00%
Reduce width of actors\ryu\fireball\8000-5.png by 6 pixels to 16 to improve blit performance by 200.00%
Reduce width of actors\ryu\fireball\6000-1.png by 5 pixels to 16 to improve blit performance by 200.00%
Reduce width of actors\ryu\fireball\6000-2.png by 5 pixels to 16 to improve blit performance by 200.00%
Reduce width of actors\ryu\fireball\6000-3.png by 12 pixels to 16 to improve blit performance by 200.00%
Reduce width of actors\ryu\fireball\6000-4.png by 8 pixels to 16 to improve blit performance by 200.00%
Reduce width of actors\ryu\row-1-column-1.png by 14 pixels to 32 to improve blit performance by 100.00%
Reduce width of actors\ryu\row-1-column-1.png by 14 pixels to 32 to improve blit performance by 100.00%
Reduce width of actors\ryu\row-2-column-5.png by 8 pixels to 48 to improve blit performance by 100.00%
Reduce width of actors\ryu\hard_kick_03.png by 15 pixels to 32 to improve blit performance by 100.00%
Reduce width of actors\ryu\row-2-column-9.png by 15 pixels to 32 to improve blit performance by 100.00%
Reduce width of actors\ryu\row-2-column-6.png by 8 pixels to 32 to improve blit performance by 100.00%
Reduce width of actors\ryu\row-2-column-5.png by 8 pixels to 48 to improve blit performance by 100.00%
Reduce width of actors\ryu\row-1-column-1.png by 14 pixels to 32 to improve blit performance by 100.00%
Reduce width of actors\ryu\row-1-column-1.png by 14 pixels to 32 to improve blit performance by 100.00%
Reduce width of actors\ryu\row-2-column-5.png by 8 pixels to 48 to improve blit performance by 100.00%
Reduce width of actors\ryu\hard_kick_03.png by 15 pixels to 32 to improve blit performance by 100.00%
Reduce width of actors\ryu\row-2-column-9.png by 15 pixels to 32 to improve blit performance by 100.00%
Reduce width of actors\ryu\row-2-column-6.png by 8 pixels to 32 to improve blit performance by 100.00%
Reduce width of actors\ryu\row-2-column-5.png by 8 pixels to 48 to improve blit performance by 100.00%
Reduce width of actors\ryu\hard_kick_02_top.png by 7 pixels to 32 to improve blit performance by 100.00%
Reduce width of actors\ryu\hard_kick_02_top.png by 7 pixels to 32 to improve blit performance by 100.00%
Reduce width of actors\ryu\row-1-column-1.png by 14 pixels to 32 to improve blit performance by 100.00%
Reduce width of actors\ryu\row-1-column-1.png by 14 pixels to 32 to improve blit performance by 100.00%
Reduce width of actors\ryu\row-1-column-10.png by 7 pixels to 48 to improve blit performance by 100.00%
Reduce width of actors\ryu\row-2-column-1.png by 15 pixels to 32 to improve blit performance by 100.00%
Reduce width of actors\ryu\row-2-column-1.png by 15 pixels to 32 to improve blit performance by 100.00%
Reduce width of actors\ryu\row-1-column-1.png by 14 pixels to 32 to improve blit performance by 100.00%
Reduce width of actors\ryu\row-1-column-1.png by 14 pixels to 32 to improve blit performance by 100.00%
Reduce width of actors\ryu\row-1-column-10.png by 7 pixels to 48 to improve blit performance by 100.00%
Reduce width of actors\ryu\row-2-column-1.png by 15 pixels to 32 to improve blit performance by 100.00%
Reduce width of actors\ryu\row-2-column-1.png by 15 pixels to 32 to improve blit performance by 100.00%
Reduce width of actors\ryu\hard_punch_top.png by 15 pixels to 16 to improve blit performance by 200.00%
Reduce width of actors\ryu\hard_punch_top.png by 15 pixels to 16 to improve blit performance by 200.00%
Reduce width of actors\ryu\light_kick_top.png by 9 pixels to 32 to improve blit performance by 100.00%
Reduce width of actors\ryu\light_kick_top.png by 9 pixels to 32 to improve blit performance by 100.00%
Reduce width of actors\ryu\jab_01.png by 14 pixels to 32 to improve blit performance by 100.00%
Reduce width of actors\ryu\jab_01.png by 14 pixels to 32 to improve blit performance by 100.00%
Reduce width of actors\ryu\jab_01.png by 14 pixels to 32 to improve blit performance by 100.00%
Reduce width of actors\ryu\jab_01.png by 14 pixels to 32 to improve blit performance by 100.00%
Reduce width of actors\ryu\jab_top_02.png by 11 pixels to 16 to improve blit performance by 200.00%
Reduce width of actors\ryu\jab_top_02.png by 11 pixels to 16 to improve blit performance by 200.00%
Reduce width of actors\ryu\row-3-column-6.png by 4 pixels to 96 to improve blit performance by 100.00%
Reduce width of actors\ryu\row-3-column-6.png by 4 pixels to 96 to improve blit performance by 100.00%
Reduce width of actors\ryu\row-6-column-8.png by 14 pixels to 48 to improve blit performance by 100.00%
Reduce width of actors\ryu\row-6-column-10.png by 7 pixels to 32 to improve blit performance by 100.00%
Reduce width of actors\ryu\row-6-column-8.png by 14 pixels to 48 to improve blit performance by 100.00%
Reduce width of actors\ryu\row-6-column-10.png by 7 pixels to 32 to improve blit performance by 100.00%
Reduce width of actors\ryu\row-3-column-1.png by 15 pixels to 32 to improve blit performance by 100.00%
Reduce width of actors\ryu\row-3-column-1.png by 15 pixels to 32 to improve blit performance by 100.00%
Reduce width of actors\ryu\row-4-column-7.png by 4 pixels to 32 to improve blit performance by 100.00%
Reduce width of actors\ryu\row-3-column-1.png by 15 pixels to 32 to improve blit performance by 100.00%
Reduce width of actors\ryu\row-3-column-1.png by 15 pixels to 32 to improve blit performance by 100.00%
Reduce width of actors\ryu\row-4-column-7.png by 4 pixels to 32 to improve blit performance by 100.00%
Reduce width of actors\ryu\ducking_hard_kick_03_top.png by 8 pixels to 32 to improve blit performance by 100.00%
Reduce width of actors\ryu\ducking_hard_kick_03_top.png by 8 pixels to 32 to improve blit performance by 100.00%
Reduce width of actors\ryu\row-3-column-1.png by 15 pixels to 32 to improve blit performance by 100.00%
Reduce width of actors\ryu\row-3-column-1.png by 15 pixels to 32 to improve blit performance by 100.00%
Reduce width of actors\ryu\row-3-column-1.png by 15 pixels to 32 to improve blit performance by 100.00%
Reduce width of actors\ryu\row-3-column-1.png by 15 pixels to 32 to improve blit performance by 100.00%
Reduce width of actors\ryu\ducking_light_kick_02_top.png by 5 pixels to 32 to improve blit performance by 100.00%
Reduce width of actors\ryu\ducking_light_kick_02_top.png by 5 pixels to 32 to improve blit performance by 100.00%
Reduce width of actors\ryu\row-3-column-1.png by 15 pixels to 32 to improve blit performance by 100.00%
Reduce width of actors\ryu\row-3-column-1.png by 15 pixels to 32 to improve blit performance by 100.00%
Reduce width of actors\ryu\row-2-column-3b.png by 13 pixels to 48 to improve blit performance by 100.00%
Reduce width of actors\ryu\row-2-column-4.png by 5 pixels to 80 to improve blit performance by 100.00%
Reduce width of actors\ryu\row-2-column-3b.png by 13 pixels to 48 to improve blit performance by 100.00%
Reduce width of actors\ryu\row-2-column-4.png by 5 pixels to 80 to improve blit performance by 100.00%
Reduce width of actors\ryu\row-3-column-5.png by 15 pixels to 48 to improve blit performance by 100.00%
Reduce width of actors\ryu\row-3-column-5.png by 15 pixels to 48 to improve blit performance by 100.00%
Reduce width of actors\ryu\row-1-column-1.png by 14 pixels to 32 to improve blit performance by 100.00%
Reduce width of actors\ryu\row-1-column-1.png by 14 pixels to 32 to improve blit performance by 100.00%
Reduce width of actors\ryu\row-3-column-10.png by 4 pixels to 32 to improve blit performance by 100.00%
Reduce width of actors\ryu\row-3-column-10.png by 4 pixels to 32 to improve blit performance by 100.00%
Reduce width of actors\ryu\row-6-column-6.png by 15 pixels to 32 to improve blit performance by 100.00%
Reduce width of actors\ryu\row-6-column-6.png by 15 pixels to 32 to improve blit performance by 100.00%
Reduce width of actors\ryu\row-3-column-10.png by 4 pixels to 32 to improve blit performance by 100.00%
Reduce width of actors\ryu\row-3-column-10.png by 4 pixels to 32 to improve blit performance by 100.00%
Reduce width of actors\ryu\row-3-column-10.png by 4 pixels to 32 to improve blit performance by 100.00%
Reduce width of actors\ryu\row-6-column-6.png by 15 pixels to 32 to improve blit performance by 100.00%
Reduce width of actors\ryu\row-6-column-6.png by 15 pixels to 32 to improve blit performance by 100.00%
Reduce width of actors\ryu\row-3-column-10.png by 4 pixels to 32 to improve blit performance by 100.00%
Reduce width of actors\ryu\jumping_hard_kick_02_top.png by 9 pixels to 32 to improve blit performance by 100.00%
Reduce width of actors\ryu\jumping_hard_kick_02_top.png by 9 pixels to 32 to improve blit performance by 100.00%
Reduce width of actors\ryu\row-3-column-10.png by 4 pixels to 32 to improve blit performance by 100.00%
Reduce width of actors\ryu\row-3-column-10.png by 4 pixels to 32 to improve blit performance by 100.00%
Reduce width of actors\ryu\row-7-column-2.png by 6 pixels to 32 to improve blit performance by 100.00%
Reduce width of actors\ryu\row-3-column-10.png by 4 pixels to 32 to improve blit performance by 100.00%
Reduce width of actors\ryu\row-3-column-10.png by 4 pixels to 32 to improve blit performance by 100.00%
Reduce width of actors\ryu\row-3-column-10.png by 4 pixels to 32 to improve blit performance by 100.00%
Reduce width of actors\ryu\row-7-column-2.png by 6 pixels to 32 to improve blit performance by 100.00%
Reduce width of actors\ryu\row-3-column-10.png by 4 pixels to 32 to improve blit performance by 100.00%
Reduce width of actors\ryu\jumping_hard_punch_02_top.png by 10 pixels to 16 to improve blit performance by 200.00%
Reduce width of actors\ryu\jumping_hard_punch_02_top.png by 10 pixels to 16 to improve blit performance by 200.00%
Reduce width of actors\ryu\row-7-column-2.png by 6 pixels to 32 to improve blit performance by 100.00%
Reduce width of actors\ryu\row-7-column-2.png by 6 pixels to 32 to improve blit performance by 100.00%
Reduce width of actors\ryu\jumping_light_kick_02_top.png by 14 pixels to 16 to improve blit performance by 200.00%
Reduce width of actors\ryu\jumping_light_kick_02_top.png by 14 pixels to 16 to improve blit performance by 200.00%
Reduce width of actors\ryu\row-5-column-10.png by 13 pixels to 32 to improve blit performance by 100.00%
Reduce width of actors\ryu\row-5-column-10.png by 13 pixels to 32 to improve blit performance by 100.00%
Reduce width of actors\ryu\jumping_light_punch_02_top.png by 5 pixels to 16 to improve blit performance by 200.00%
Reduce width of actors\ryu\jumping_light_punch_02_top.png by 5 pixels to 16 to improve blit performance by 200.00%
Reduce width of actors\ryu\row-1-column-4.png by 13 pixels to 32 to improve blit performance by 100.00%
Reduce width of actors\ryu\row-5-column-5.png by 13 pixels to 32 to improve blit performance by 100.00%
Reduce width of actors\ryu\row-5-column-5.png by 13 pixels to 32 to improve blit performance by 100.00%
Reduce width of actors\ryu\row-1-column-4.png by 13 pixels to 32 to improve blit performance by 100.00%
Reduce width of actors\ryu\row-5-column-5.png by 13 pixels to 32 to improve blit performance by 100.00%
Reduce width of actors\ryu\row-5-column-5.png by 13 pixels to 32 to improve blit performance by 100.00%
Reduce width of actors\ryu\row-1-column-4.png by 13 pixels to 32 to improve blit performance by 100.00%
Reduce width of actors\ryu\row-1-column-4.png by 13 pixels to 32 to improve blit performance by 100.00%
Reduce width of actors\ryu\row-3-column-10.png by 4 pixels to 32 to improve blit performance by 100.00%
Reduce width of actors\ryu\row-1-column-4.png by 13 pixels to 32 to improve blit performance by 100.00%
Reduce width of actors\ryu\row-1-column-4.png by 13 pixels to 32 to improve blit performance by 100.00%
Reduce width of actors\ryu\row-3-column-10.png by 4 pixels to 32 to improve blit performance by 100.00%
Reduce width of actors\ryu\row-4-column-5.png by 8 pixels to 48 to improve blit performance by 100.00%
Reduce width of actors\ryu\row-4-column-5.png by 8 pixels to 48 to improve blit performance by 100.00%
Reduce width of actors\ryu\row-1-column-4.png by 13 pixels to 32 to improve blit performance by 100.00%
Reduce width of actors\ryu\row-3-column-10.png by 4 pixels to 32 to improve blit performance by 100.00%
Reduce width of actors\ryu\row-6-column-6.png by 15 pixels to 32 to improve blit performance by 100.00%
Reduce width of actors\ryu\row-4-column-4.png by 6 pixels to 80 to improve blit performance by 100.00%
Reduce width of actors\ryu\row-4-column-5.png by 8 pixels to 48 to improve blit performance by 100.00%
Reduce width of actors\ryu\row-4-column-4.png by 6 pixels to 80 to improve blit performance by 100.00%
Reduce width of actors\ryu\row-4-column-5.png by 8 pixels to 48 to improve blit performance by 100.00%
Reduce width of actors\ryu\row-4-column-4.png by 6 pixels to 80 to improve blit performance by 100.00%
Reduce width of actors\ryu\row-4-column-5.png by 8 pixels to 48 to improve blit performance by 100.00%
Reduce width of actors\ryu\row-4-column-4.png by 6 pixels to 80 to improve blit performance by 100.00%
Reduce width of actors\ryu\row-4-column-5.png by 8 pixels to 48 to improve blit performance by 100.00%
Reduce width of actors\ryu\row-4-column-4.png by 6 pixels to 80 to improve blit performance by 100.00%
Reduce width of actors\ryu\row-4-column-5.png by 8 pixels to 48 to improve blit performance by 100.00%
Reduce width of actors\ryu\row-1-column-4.png by 13 pixels to 32 to improve blit performance by 100.00%
Reduce width of actors\ryu\row-3-column-10.png by 4 pixels to 32 to improve blit performance by 100.00%
Reduce width of actors\ryu\row-6-column-6.png by 15 pixels to 32 to improve blit performance by 100.00%
Reduce width of actors\ryu\row-4-column-4.png by 6 pixels to 80 to improve blit performance by 100.00%
Reduce width of actors\ryu\row-4-column-5.png by 8 pixels to 48 to improve blit performance by 100.00%
Reduce width of actors\ryu\row-4-column-4.png by 6 pixels to 80 to improve blit performance by 100.00%
Reduce width of actors\ryu\row-4-column-5.png by 8 pixels to 48 to improve blit performance by 100.00%
Reduce width of actors\ryu\row-4-column-4.png by 6 pixels to 80 to improve blit performance by 100.00%
Reduce width of actors\ryu\row-4-column-5.png by 8 pixels to 48 to improve blit performance by 100.00%
Reduce width of actors\ryu\row-4-column-4.png by 6 pixels to 80 to improve blit performance by 100.00%
Reduce width of actors\ryu\row-4-column-5.png by 8 pixels to 48 to improve blit performance by 100.00%
Reduce width of actors\ryu\row-4-column-4.png by 6 pixels to 80 to improve blit performance by 100.00%
Reduce width of actors\ryu\row-4-column-5.png by 8 pixels to 48 to improve blit performance by 100.00%
Reduce width of actors\ryu\row-1-column-2.png by 15 pixels to 32 to improve blit performance by 100.00%
Reduce width of actors\ryu\row-1-column-2.png by 15 pixels to 32 to improve blit performance by 100.00%
Reduce width of actors\ryu\row-1-column-2.png by 15 pixels to 32 to improve blit performance by 100.00%
Reduce width of actors\ryu\row-1-column-2.png by 15 pixels to 32 to improve blit performance by 100.00%
Reduce width of actors\ryu\row-1-column-2.png by 15 pixels to 32 to improve blit performance by 100.00%
Reduce width of actors\ryu\row-1-column-2.png by 15 pixels to 32 to improve blit performance by 100.00%

=== Estimated memory usages ===

For chip:
Map gfx (level gfx bundle 1 ): 0
Music memory: 0
BP Buffer memory: 88000
core sfx/gfx memory: 597072
Parallax memory: 0

For other:
Map cache memory: 0
Map header cache memory: 0
Map data memory: 0
Map background memory: 0
EXE memory: 200732
vm memory: 12718
project memory: 19118

Accounted memory chip: 685072
Accounted memory other: 232568
Accounted memory total: 917640

=== Misc ===
Maps and Asset Bundles Count: 3
Maps and Asset Bundles Data Size: 36
Actor Count: 13
Actor Data Size: 2600
Block Count: 3
Block Data Size: 156
Anim5 Count: 0
Anim5 Data Size: 0
Sound Count: 5
Sound Data Size: 120
Teleporter Count: 1
Teleporter Data Size: 8
Animations Count: 95
Animations Data Size: 1520
AnimationFrame Count: 368
AnimationFrame Data Size: 5888
ImageFrames: 195
ImageFrame Data Size: 8580
Sprites: 1
Sprites Data Size: 14
Attack Data: 1
Attack Data Size: 66
Misc data size: 128
Asset bundle 0 (Core project asset bundle) Original size 597072 Crunched size 244598
Asset bundle 1 (original_japan) Original size 52352 Crunched size 32266
Background for map original_japan Original size 2672 Crunched size 170
Tile data for map original_japan (mem restrictions:None) Original size 4434 Crunched size 1274
Header data for map original_japan Original size 7992 Crunched size 256
Project Data Original size 19118 Crunched size 6114
Project Header Original size 4032 Crunched size 1178
Panel scorpion_eng_splashscreen Original size 35944 Crunched size 3280
Panel test_panel Original size 18558 Crunched size 3322
Panel top_panel Original size 18604 Crunched size 3654
Project virtual machine (codeblocks) Original size 12718 Crunched size 3818
Project virtual machine redirects Original size 4 Crunched size 4

Codeblocks by compiled size: 

ryu_ontimer: 1612
load_level: 1012
enemy_take_damage_gosub: 738
on_land_gosub: 586
player_take_damage_gosub: 436
ducking: 410
do_teleport: 362
set_yresolution: 348
flipscreen_smooth: 346
enemy_ai: 346
ryu_tatsu: 344
flipxymove: 306
camera: 302
light_punch: 210
snap_to_screen: 190
pre_startup: 188
flipymove: 174
flipxmove: 158
ryu_jump: 158
damage_light_standing_gosub: 158
check_direction: 152
load_panel: 146
pre_quit: 146
startup: 138
ryu_dragon_punch: 126
destroy_all_blocks: 124
unload_level: 114
enemy_on_land: 112
fireball_hit: 108
pause: 104
load_panel_bottom: 96
load_panel_top: 96
waitforfirehit: 96
unload_panel: 92
wrap_screen_bottom: 92
wrap_screen_right: 92
wrap_screen_left: 88
wrap_screen_top: 88
ryu_top_spawn: 88
flipscreen: 86
pre_anim5: 86
fadeout: 84
waitforframes: 78
player_take_damage: 76
enemy_take_damage: 72
enemy_x: 68
quit: 66
destroy_all_actors: 62
jump_actor: 62
load_music: 62
unload_panel_bottom: 62
unload_panel_top: 62
on_land: 62
ryu_fireball: 60
fadein: 58
load_panel_finish: 56
destroy_actor: 54
regenerate_screen: 52
return: 52
destroy_block: 48
test: 46
regenerate_screen_wait: 42
var5_reset: 36
debug_dump: 30
vm_registers: 26
vm_constants: 26
vm_registers_amiga: 26
control_bits: 26
debug_breakpoint: 26
vm_constants_notes: 26
vm_constants_tile_properties: 26
