Compiled on 05 June 2026 19:39:21
Version string: SE2026.0.260605.19.46.EX

=== Misc ===
ImageFrames: 1414
ImageFrame Data Size: 73528
Maps and Asset Bundles Count: 24
Maps and Asset Bundles Data Size: 0
Actor Count: 19
Actor Data Size: 3420
Block Count: 2
Block Data Size: 136
Anim5 Count: 0
Anim5 Data Size: 0
Sound Count: 20
Sound Data Size: 560
Teleporter Count: 1
Teleporter Data Size: 8
Animations Count: 431
Animations Data Size: 6896
AnimationFrame Count: 1415
AnimationFrame Data Size: 22640
Sprites: 303
Sprites Data Size: 4242
Attack Data: 5
Attack Data Size: 440
Misc data size: 110

=== Cartridge Composition ===
 Header |   Offset | Size     | Crunch    | Detail
   MC01 |     2380 |    12348 |  NoCrunch | Music data retsu_stage1
   MS01 |    14728 |   175276 |  NoCrunch | Music samples retsu_stage1
   MC02 |   190004 |     2108 |  NoCrunch | Music data sf1_coin
   MS02 |   192112 |    30840 |  NoCrunch | Music samples sf1_coin
   MC03 |   222952 |    12348 |  NoCrunch | Music data sf1_stage01_retsu
   MS03 |   235300 |   171752 |  NoCrunch | Music samples sf1_stage01_retsu
   MC04 |   407052 |    13372 |  NoCrunch | Music data sf1_stage02_geki
   MS04 |   420424 |   153584 |  NoCrunch | Music samples sf1_stage02_geki
   MC05 |   574008 |     5180 |  NoCrunch | Music data sf1_stage03_joe
   MS05 |   579188 |    61140 |  NoCrunch | Music samples sf1_stage03_joe
   MC06 |   640328 |     7228 |  NoCrunch | Music data sf1_stage04_mike
   MS06 |   647556 |   132628 |  NoCrunch | Music samples sf1_stage04_mike
   MC07 |   780184 |     7228 |  NoCrunch | Music data sf1_stage05_lee
   MS07 |   787412 |   136480 |  NoCrunch | Music samples sf1_stage05_lee
   MC08 |   923892 |     7228 |  NoCrunch | Music data sf1_stage06_gen
   MS08 |   931120 |   166340 |  NoCrunch | Music samples sf1_stage06_gen
   MC09 |  1097460 |     9276 |  NoCrunch | Music data sf1_stage07_birdie
   MS09 |  1106736 |    83008 |  NoCrunch | Music samples sf1_stage07_birdie
   MC10 |  1189744 |     6204 |  NoCrunch | Music data sf1_stage08_eagle
   MS10 |  1195948 |    44632 |  NoCrunch | Music samples sf1_stage08_eagle
   MC11 |  1240580 |     6204 |  NoCrunch | Music data sf1_stage09_adon
   MS11 |  1246784 |    50486 |  NoCrunch | Music samples sf1_stage09_adon
   MC12 |  1297270 |     6204 |  NoCrunch | Music data sf1_stage10_sagat
   MS12 |  1303474 |   121326 |  NoCrunch | Music samples sf1_stage10_sagat
   MC13 |  1424800 |     4156 |  NoCrunch | Music data sf1_stage_clear
   MS13 |  1428956 |   141556 |  NoCrunch | Music samples sf1_stage_clear
   MC14 |  1570512 |    10300 |  NoCrunch | Music data sf1_stage_select
   MS14 |  1580812 |   113158 |  NoCrunch | Music samples sf1_stage_select
   MC15 |  1693970 |     5180 |  NoCrunch | Music data sf1_vs
   MS15 |  1699150 |   169816 |  NoCrunch | Music samples sf1_vs
   PL09 |  1868966 |     4932 |  NoCrunch | Panel (background color #000)
   PL01 |  1873898 |     2474 |       ZX0 | Panel scorpion_eng_splashscreen
   PL02 |  1876372 |    14680 |  NoCrunch | Panel bottom_panel
   PC02 |  1891052 |     7686 |  NoCrunch | Panel bobs bottom_panel
   PL03 |  1898738 |    29184 |  NoCrunch | Panel credits_panel
   PC03 |  1927922 |     4504 |  NoCrunch | Panel bobs credits_panel
   PL04 |  1932426 |    42104 |  NoCrunch | Panel ending_panel
   PL05 |  1974530 |    34040 |  NoCrunch | Panel intro_panel
   PL06 |  2008570 |    11512 |  NoCrunch | Panel loser_panel
   PC06 |  2020082 |     4454 |  NoCrunch | Panel bobs loser_panel
   PL07 |  2024536 |     7604 |  NoCrunch | Panel top_panel
   PC07 |  2032140 |     4924 |  NoCrunch | Panel bobs top_panel
   PL08 |  2037064 |    11520 |  NoCrunch | Panel wining_panel
   PC08 |  2048584 |     4558 |  NoCrunch | Panel bobs wining_panel
   VV00 |  2053142 |     1352 |  NoCrunch | Project Variables
   VC00 |  2054494 |    51992 |  NoCrunch | Project virtual machine (codeblocks)
   MA01 |  2106486 |       84 |  NoCrunch | Map actor data for adon_stage
   MH01 |  2106570 |      848 |  NoCrunch | Header data for map adon_stage
   MD01 |  2107418 |     4466 |  NoCrunch | Tile data for map adon_stage (mem restrictions:None)
   MH02 |  2111884 |      848 |  NoCrunch | Header data for map adon_vs_screen
   MD02 |  2112732 |     3248 |  NoCrunch | Tile data for map adon_vs_screen (mem restrictions:None)
   MA03 |  2115980 |       84 |  NoCrunch | Map actor data for birdie_stage
   MH03 |  2116064 |      848 |  NoCrunch | Header data for map birdie_stage
   MD03 |  2116912 |     4466 |  NoCrunch | Tile data for map birdie_stage (mem restrictions:None)
   MH04 |  2121378 |      848 |  NoCrunch | Header data for map birdie_vs_screen
   MD04 |  2122226 |     3248 |  NoCrunch | Tile data for map birdie_vs_screen (mem restrictions:None)
   MA05 |  2125474 |       84 |  NoCrunch | Map actor data for eagle_stage
   MH05 |  2125558 |      848 |  NoCrunch | Header data for map eagle_stage
   MD05 |  2126406 |     4382 |  NoCrunch | Tile data for map eagle_stage (mem restrictions:None)
   MH06 |  2130788 |      848 |  NoCrunch | Header data for map eagle_vs_screen
   MD06 |  2131636 |     3248 |  NoCrunch | Tile data for map eagle_vs_screen (mem restrictions:None)
   MA07 |  2134884 |       84 |  NoCrunch | Map actor data for geki_stage
   MH07 |  2134968 |      848 |  NoCrunch | Header data for map geki_stage
   MD07 |  2135816 |     4466 |  NoCrunch | Tile data for map geki_stage (mem restrictions:None)
   MH08 |  2140282 |      848 |  NoCrunch | Header data for map geki_vs_screen
   MD08 |  2141130 |     3248 |  NoCrunch | Tile data for map geki_vs_screen (mem restrictions:None)
   MA09 |  2144378 |       84 |  NoCrunch | Map actor data for gen_stage
   MH09 |  2144462 |      848 |  NoCrunch | Header data for map gen_stage
   MD09 |  2145310 |     4466 |  NoCrunch | Tile data for map gen_stage (mem restrictions:None)
   MH10 |  2149776 |      848 |  NoCrunch | Header data for map gen_vs_screen
   MD10 |  2150624 |     3248 |  NoCrunch | Tile data for map gen_vs_screen (mem restrictions:None)
   MA11 |  2153872 |       84 |  NoCrunch | Map actor data for joe_stage
   MH11 |  2153956 |      848 |  NoCrunch | Header data for map joe_stage
   MD11 |  2154804 |     4466 |  NoCrunch | Tile data for map joe_stage (mem restrictions:None)
   MH12 |  2159270 |      848 |  NoCrunch | Header data for map joe_vs_screen
   MD12 |  2160118 |     3248 |  NoCrunch | Tile data for map joe_vs_screen (mem restrictions:None)
   MA13 |  2163366 |       84 |  NoCrunch | Map actor data for ken_stage
   MH13 |  2163450 |      848 |  NoCrunch | Header data for map ken_stage
   MD13 |  2164298 |     4466 |  NoCrunch | Tile data for map ken_stage (mem restrictions:None)
   MH14 |  2168764 |      848 |  NoCrunch | Header data for map ken_vs_screen
   MD14 |  2169612 |     3248 |  NoCrunch | Tile data for map ken_vs_screen (mem restrictions:None)
   MA15 |  2172860 |       84 |  NoCrunch | Map actor data for lee_stage
   MH15 |  2172944 |      848 |  NoCrunch | Header data for map lee_stage
   MD15 |  2173792 |     4466 |  NoCrunch | Tile data for map lee_stage (mem restrictions:None)
   MH16 |  2178258 |      848 |  NoCrunch | Header data for map lee_vs_screen
   MD16 |  2179106 |     3248 |  NoCrunch | Tile data for map lee_vs_screen (mem restrictions:None)
   MA17 |  2182354 |       84 |  NoCrunch | Map actor data for mike_stage
   MH17 |  2182438 |      848 |  NoCrunch | Header data for map mike_stage
   MD17 |  2183286 |     4466 |  NoCrunch | Tile data for map mike_stage (mem restrictions:None)
   MH18 |  2187752 |      848 |  NoCrunch | Header data for map mike_vs_screen
   MD18 |  2188600 |     3248 |  NoCrunch | Tile data for map mike_vs_screen (mem restrictions:None)
   MA19 |  2191848 |       84 |  NoCrunch | Map actor data for retsu_stage
   MH19 |  2191932 |      848 |  NoCrunch | Header data for map retsu_stage
   MD19 |  2192780 |     4466 |  NoCrunch | Tile data for map retsu_stage (mem restrictions:None)
   MH20 |  2197246 |      848 |  NoCrunch | Header data for map retsu_vs_screen
   MD20 |  2198094 |     3248 |  NoCrunch | Tile data for map retsu_vs_screen (mem restrictions:None)
   MA21 |  2201342 |       84 |  NoCrunch | Map actor data for sagat_stage
   MH21 |  2201426 |      848 |  NoCrunch | Header data for map sagat_stage
   MD21 |  2202274 |     4466 |  NoCrunch | Tile data for map sagat_stage (mem restrictions:None)
   MH22 |  2206740 |      848 |  NoCrunch | Header data for map sagat_vs_screen
   MD22 |  2207588 |     3248 |  NoCrunch | Tile data for map sagat_vs_screen (mem restrictions:None)
   MH23 |  2210836 |      848 |  NoCrunch | Header data for map vs_screen_all
   MD23 |  2211684 |     6152 |  NoCrunch | Tile data for map vs_screen_all (mem restrictions:None)
   AB00 |  2217836 |   278396 |  NoCrunch | Asset bundle 0 (Core project asset bundle)
   AB21 |  2496232 |   376158 |  NoCrunch | Asset bundle 21 (sagat_stage)
   AB03 |  2872390 |   505104 |  NoCrunch | Asset bundle 3 (birdie_stage)
   AB05 |  3377494 |   319928 |  NoCrunch | Asset bundle 5 (eagle_stage)
   AB17 |  3697422 |   298702 |  NoCrunch | Asset bundle 17 (mike_stage)
   AB07 |  3996124 |   274320 |  NoCrunch | Asset bundle 7 (geki_stage)
   AB09 |  4270444 |   362018 |  NoCrunch | Asset bundle 9 (gen_stage)
   AB01 |  4632462 |   348826 |  NoCrunch | Asset bundle 1 (adon_stage)
   AB15 |  4981288 |   375432 |  NoCrunch | Asset bundle 15 (lee_stage)
   AB11 |  5356720 |   309484 |  NoCrunch | Asset bundle 11 (joe_stage)
   AB19 |  5666204 |   235940 |  NoCrunch | Asset bundle 19 (retsu_stage)
   AB02 |  5902144 |    18734 |  NoCrunch | Asset bundle 2 (adon_vs_screen)
   AB04 |  5920878 |    18748 |  NoCrunch | Asset bundle 4 (birdie_vs_screen)
   AB06 |  5939626 |    19150 |  NoCrunch | Asset bundle 6 (eagle_vs_screen)
   AB08 |  5958776 |    17824 |  NoCrunch | Asset bundle 8 (geki_vs_screen)
   AB10 |  5976600 |    18790 |  NoCrunch | Asset bundle 10 (gen_vs_screen)
   AB12 |  5995390 |    18420 |  NoCrunch | Asset bundle 12 (joe_vs_screen)
   AB13 |  6013810 |    79876 |  NoCrunch | Asset bundle 13 (ken_stage)
   AB14 |  6093686 |    18896 |  NoCrunch | Asset bundle 14 (ken_vs_screen)
   AB16 |  6112582 |    19374 |  NoCrunch | Asset bundle 16 (lee_vs_screen)
   AB18 |  6131956 |    18674 |  NoCrunch | Asset bundle 18 (mike_vs_screen)
   AB20 |  6150630 |    17622 |  NoCrunch | Asset bundle 20 (retsu_vs_screen)
   AB22 |  6168252 |    18498 |  NoCrunch | Asset bundle 22 (sagat_vs_screen)
   AB23 |  6186750 |   129490 |  NoCrunch | Asset bundle 23 (vs_screen_all)
   DB00 |  6316240 |   143040 |  NoCrunch | Misc Data (paths, hurt boxes etc)
   PH00 |  6459280 |     4508 |  NoCrunch | Project Header
   PD01 |  6463788 |        4 |  NoCrunch | Project Custom Collisions
   PD00 |  6463792 |   111982 |  NoCrunch | Project Data
   VR00 |  6575774 |     1112 |  NoCrunch | Project virtual machine redirects

=== Data Sizes ===
    Size |   Memory | Crunch | Detail
  505104 |   505104 |        | Asset bundle 3 (birdie_stage)
  376158 |   376158 |        | Asset bundle 21 (sagat_stage)
  375432 |   375432 |        | Asset bundle 15 (lee_stage)
  362018 |   362018 |        | Asset bundle 9 (gen_stage)
  348826 |   348826 |        | Asset bundle 1 (adon_stage)
  319928 |   319928 |        | Asset bundle 5 (eagle_stage)
  309484 |   309484 |        | Asset bundle 11 (joe_stage)
  298702 |   298702 |        | Asset bundle 17 (mike_stage)
  278396 |   278396 |        | Asset bundle 0 (Core project asset bundle)
  274320 |   274320 |        | Asset bundle 7 (geki_stage)
  235940 |   235940 |        | Asset bundle 19 (retsu_stage)
  175276 |   175276 |        | Music samples retsu_stage1
  171752 |   171752 |        | Music samples sf1_stage01_retsu
  169816 |   169816 |        | Music samples sf1_vs
  166340 |   166340 |        | Music samples sf1_stage06_gen
  153584 |   153584 |        | Music samples sf1_stage02_geki
  143040 |   143040 |        | Misc Data (paths, hurt boxes etc)
  141556 |   141556 |        | Music samples sf1_stage_clear
  136480 |   136480 |        | Music samples sf1_stage05_lee
  132628 |   132628 |        | Music samples sf1_stage04_mike
  129490 |   129490 |        | Asset bundle 23 (vs_screen_all)
  121326 |   121326 |        | Music samples sf1_stage10_sagat
  113158 |   113158 |        | Music samples sf1_stage_select
  111982 |   111982 |        | Project Data
   83008 |    83008 |        | Music samples sf1_stage07_birdie
   79876 |    79876 |        | Asset bundle 13 (ken_stage)
   61140 |    61140 |        | Music samples sf1_stage03_joe
   51992 |    51992 |        | Project virtual machine (codeblocks)
   50486 |    50486 |        | Music samples sf1_stage09_adon
   44632 |    44632 |        | Music samples sf1_stage08_eagle
   42104 |    42104 |        | Panel ending_panel
   34040 |    34040 |        | Panel intro_panel
   30840 |    30840 |        | Music samples sf1_coin
   29184 |    29184 |        | Panel credits_panel
   19374 |    19374 |        | Asset bundle 16 (lee_vs_screen)
   19150 |    19150 |        | Asset bundle 6 (eagle_vs_screen)
   18896 |    18896 |        | Asset bundle 14 (ken_vs_screen)
   18790 |    18790 |        | Asset bundle 10 (gen_vs_screen)
   18748 |    18748 |        | Asset bundle 4 (birdie_vs_screen)
   18734 |    18734 |        | Asset bundle 2 (adon_vs_screen)
   18674 |    18674 |        | Asset bundle 18 (mike_vs_screen)
   18498 |    18498 |        | Asset bundle 22 (sagat_vs_screen)
   18420 |    18420 |        | Asset bundle 12 (joe_vs_screen)
   17824 |    17824 |        | Asset bundle 8 (geki_vs_screen)
   17622 |    17622 |        | Asset bundle 20 (retsu_vs_screen)
   14680 |    14680 |        | Panel bottom_panel
   13372 |    13372 |        | Music data sf1_stage02_geki
   12348 |    12348 |        | Music data retsu_stage1
   12348 |    12348 |        | Music data sf1_stage01_retsu
   11520 |    11520 |        | Panel wining_panel
   11512 |    11512 |        | Panel loser_panel
   10300 |    10300 |        | Music data sf1_stage_select
    9276 |     9276 |        | Music data sf1_stage07_birdie
    7686 |     7686 |        | Panel bobs bottom_panel
    7604 |     7604 |        | Panel top_panel
    7228 |     7228 |        | Music data sf1_stage04_mike
    7228 |     7228 |        | Music data sf1_stage05_lee
    7228 |     7228 |        | Music data sf1_stage06_gen
    6204 |     6204 |        | Music data sf1_stage08_eagle
    6204 |     6204 |        | Music data sf1_stage09_adon
    6204 |     6204 |        | Music data sf1_stage10_sagat
    6152 |     6152 |        | Tile data for map vs_screen_all (mem restrictions:None)
    5180 |     5180 |        | Music data sf1_stage03_joe
    5180 |     5180 |        | Music data sf1_vs
    4932 |     4932 |        | Panel (background color #000)
    4924 |     4924 |        | Panel bobs top_panel
    4558 |     4558 |        | Panel bobs wining_panel
    4508 |     4508 |        | Project Header
    4504 |     4504 |        | Panel bobs credits_panel
    4466 |     4466 |        | Tile data for map adon_stage (mem restrictions:None)
    4466 |     4466 |        | Tile data for map birdie_stage (mem restrictions:None)
    4466 |     4466 |        | Tile data for map geki_stage (mem restrictions:None)
    4466 |     4466 |        | Tile data for map gen_stage (mem restrictions:None)
    4466 |     4466 |        | Tile data for map joe_stage (mem restrictions:None)
    4466 |     4466 |        | Tile data for map ken_stage (mem restrictions:None)
    4466 |     4466 |        | Tile data for map lee_stage (mem restrictions:None)
    4466 |     4466 |        | Tile data for map mike_stage (mem restrictions:None)
    4466 |     4466 |        | Tile data for map retsu_stage (mem restrictions:None)
    4466 |     4466 |        | Tile data for map sagat_stage (mem restrictions:None)
    4454 |     4454 |        | Panel bobs loser_panel
    4382 |     4382 |        | Tile data for map eagle_stage (mem restrictions:None)
    4156 |     4156 |        | Music data sf1_stage_clear
    3248 |     3248 |        | Tile data for map adon_vs_screen (mem restrictions:None)
    3248 |     3248 |        | Tile data for map birdie_vs_screen (mem restrictions:None)
    3248 |     3248 |        | Tile data for map eagle_vs_screen (mem restrictions:None)
    3248 |     3248 |        | Tile data for map geki_vs_screen (mem restrictions:None)
    3248 |     3248 |        | Tile data for map gen_vs_screen (mem restrictions:None)
    3248 |     3248 |        | Tile data for map joe_vs_screen (mem restrictions:None)
    3248 |     3248 |        | Tile data for map ken_vs_screen (mem restrictions:None)
    3248 |     3248 |        | Tile data for map lee_vs_screen (mem restrictions:None)
    3248 |     3248 |        | Tile data for map mike_vs_screen (mem restrictions:None)
    3248 |     3248 |        | Tile data for map retsu_vs_screen (mem restrictions:None)
    3248 |     3248 |        | Tile data for map sagat_vs_screen (mem restrictions:None)
    2474 |    36784 |  (94%) | Panel scorpion_eng_splashscreen
    2108 |     2108 |        | Music data sf1_coin
    1352 |     1352 |        | Project Variables
    1112 |     1112 |        | Project virtual machine redirects
     848 |      848 |        | Header data for map adon_stage
     848 |      848 |        | Header data for map adon_vs_screen
     848 |      848 |        | Header data for map birdie_stage
     848 |      848 |        | Header data for map birdie_vs_screen
     848 |      848 |        | Header data for map eagle_stage
     848 |      848 |        | Header data for map eagle_vs_screen
     848 |      848 |        | Header data for map geki_stage
     848 |      848 |        | Header data for map geki_vs_screen
     848 |      848 |        | Header data for map gen_stage
     848 |      848 |        | Header data for map gen_vs_screen
     848 |      848 |        | Header data for map joe_stage
     848 |      848 |        | Header data for map joe_vs_screen
     848 |      848 |        | Header data for map ken_stage
     848 |      848 |        | Header data for map ken_vs_screen
     848 |      848 |        | Header data for map lee_stage
     848 |      848 |        | Header data for map lee_vs_screen
     848 |      848 |        | Header data for map mike_stage
     848 |      848 |        | Header data for map mike_vs_screen
     848 |      848 |        | Header data for map retsu_stage
     848 |      848 |        | Header data for map retsu_vs_screen
     848 |      848 |        | Header data for map sagat_stage
     848 |      848 |        | Header data for map sagat_vs_screen
     848 |      848 |        | Header data for map vs_screen_all
      84 |       84 |        | Map actor data for adon_stage
      84 |       84 |        | Map actor data for birdie_stage
      84 |       84 |        | Map actor data for eagle_stage
      84 |       84 |        | Map actor data for geki_stage
      84 |       84 |        | Map actor data for gen_stage
      84 |       84 |        | Map actor data for joe_stage
      84 |       84 |        | Map actor data for ken_stage
      84 |       84 |        | Map actor data for lee_stage
      84 |       84 |        | Map actor data for mike_stage
      84 |       84 |        | Map actor data for retsu_stage
      84 |       84 |        | Map actor data for sagat_stage
       4 |        4 |        | Project Custom Collisions

=== Accounted Memory Usage ===
(Note that this isn't a full account of memory usage, just the memory we can account for)

For chip:
Map gfx (level gfx bundle 3): 505104
Music sample (retsu_stage1): 175276
BP Buffer memory: 121000
Core sfx/gfx memory: 278396
Parallax memory: 0
OS/other estimated: 99328

For other:
Map data memory: 6152
Map background memory: 4932
EXE memory: 234508
vm memory: 51992
project memory: 111982
Music data (sf1_stage02_geki): 13372
Misc data memory: 143040
memory reserved for codeblocks variables: 1352
memory reserved for active actors on screen (6): 956
memory reserved for dormant actors in map (6): 216
OS/other estimated: 105472

Accounted memory chip: 1192476
Accounted memory other: 660602
Accounted memory total: 1853078

=== Possibly unused animations ===
adon_atk_hk_l
adon_atk_hp_l
adon_atk_low_hk_l
adon_atk_lp_l
adon_block_l
adon_dead_l
adon_fall_l
adon_jump_atk_l
adon_jump_l
adon_pain_l
adon_waiting_l
adon_walk_l
adon_win_l
birdie_atk_hk_l
birdie_atk_hp_l
birdie_atk_lp_l
birdie_atk_mp_l
birdie_atk_special_l
birdie_atk_special2_land_l
birdie_atk_special2_l
birdie_block_l
birdie_dead_l
birdie_fall_l
birdie_jump_atk_land_l
birdie_jump_atk_l
birdie_jump_l
birdie_pain_l
birdie_waiting_l
birdie_walk_l
birdie_win_l
eagle_atk_hp_l
eagle_atk_lp_l
eagle_atk_special_l
eagle_block_low_l
eagle_block_l
eagle_dead_l
eagle_fall_l
eagle_jump_atk_l
eagle_jump_l
eagle_pain_l
eagle_waiting_l
eagle_walk_l
eagle_win_l
geki_atk_hp_l
geki_atk_lk_l
geki_atk_ninjastar_l
geki_dead_l
geki_duck_atk_hp_l
geki_fall_l
geki_hurt_stand_l
geki_jump_atk_ninjastar_l
geki_jump_atk_l
geki_jump_forward_l
geki_jump_l
geki_waiting_l
geki_walk_l
geki_win_l
gen_atk_hk_l
gen_atk_hp_l
gen_atk_lk_l
gen_atk_lp_l
gen_atk_special_l
gen_block_l
gen_dead_l
gen_fall_l
gen_jump_atk_l
gen_jump_l
gen_pain_l
gen_waiting_l
gen_walk_l
gen_win_l
joe_atk_hp_l
joe_atk_low_kick_l
joe_atk_low_punch_l
joe_atk_lp_l
joe_block_l
joe_dead_l
joe_fall_l
joe_hurt_stand_l
joe_jump_atk_l
joe_jump_atk_special_l
joe_jump_atk_special1_l
joe_jump_l
joe_waiting_l
joe_walk_l
joe_win_l
ken_atk_hk_l
ken_atk_hp_l
ken_atk_lk_l
ken_atk_lp_l
ken_block_l
ken_dead_l
ken_dragon_punch_l
ken_duck_atk_hk_l
ken_duck_atk_hp_l
ken_duck_atk_lk_l
ken_duck_atk_lp_l
ken_duck_block_l
ken_duck_block_r
ken_fall_l
ken_fireball_l
ken_jump_atk_hk_l
ken_jump_atk_hp_l
ken_jump_atk_lk_l
ken_jump_atk_lp_l
ken_jump_forward_l
ken_jump_l
ken_pain_l
ken_tatsu_l
ken_waiting_l
ken_win_l
lee_atk_hk_l
lee_atk_hp_l
lee_atk_lk_l
lee_atk_low_hk_l
lee_atk_lp_l
lee_atk_special_01_l
lee_atk_special_02_l
lee_block_l
lee_dead_l
lee_fall_l
lee_jump_atk_l
lee_jump_l
lee_pain_l
lee_waiting_l
lee_walk_l
lee_win_l
mike_atk_hp_l
mike_atk_lowp_l
mike_atk_lp_l
mike_atk_mp_l
mike_block_l
mike_dead_l
mike_fall_l
mike_jump_l
mike_pain_l
mike_waiting_l
mike_walk_l
mike_win_l
retsu_atk_hk_l
retsu_atk_hp_l
retsu_atk_lk_l
retsu_atk_lp_l
retsu_block_low_l
retsu_block_l
retsu_dead_l
retsu_duck_atk_hk_l
retsu_duck_block_l
retsu_duck_block_r
retsu_fall_l
retsu_hurt_stand_l
retsu_jump_atk_l
retsu_jump_l
retsu_waiting_l
retsu_walk_l
retsu_win_l
ryu_atk_hk_l
ryu_atk_hp_l
ryu_atk_lk_l
ryu_atk_lp_l
ryu_block_l
ryu_dead_l
ryu_dragon_punch_l
ryu_duck_atk_hk_l
ryu_duck_atk_hp_l
ryu_duck_atk_lk_l
ryu_duck_atk_lp_l
ryu_duck_block_l
ryu_fall_l
ryu_fireball_l
ryu_jump_atk_hk_l
ryu_jump_atk_hp_l
ryu_jump_atk_lk_l
ryu_jump_atk_lp_l
ryu_jump_forward_l
ryu_jump_l
ryu_pain_l
ryu_tatsu_l
ryu_waiting_l
ryu_win_l
sagat_atk_hk_l
sagat_atk_hp_l
sagat_atk_low_hk_l
sagat_atk_lp_l
sagat_block_l
sagat_dead_l
sagat_fall_l
sagat_pain_l
sagat_tiger_knee_land_l
sagat_tiger_knee_l
sagat_tiger_l
sagat_waiting_l
sagat_walk_back_l
sagat_walk_back_r
sagat_walk_l
sagat_win_l

=== Possibly unused Actors ===
002_camera

=== Codeblocks by compiled size ===
startup: 9508
enemy_special: 1716
player_on_timer: 1410
enemy_take_damage: 1280
player_take_damage: 1194
enemy_ai: 1174
stage_reset: 1114
enemy_on_land: 1008
stage_reset_gosub: 680
load_level: 644
player_ducking: 584
player_on_land: 536
camera: 408
pre_startup: 380
check_direction: 370
player_win_check: 370
enemy_jump: 348
enemy_walk: 348
player_update_animations: 324
do_teleport: 320
ryu_tatsu_sub: 320
flipscreen_smooth: 310 (Unused?)
p1_key_input: 304 (Unused?)
p2_key_input: 304 (Unused?)
freemem: 296
flipxymove: 278 (Unused?)
load_next_level: 268 (Unused?)
block_find: 210 (Unused?)
set_yresolution: 202
waitforframes: 194
check_talkpad: 192
pause: 184 (Unused?)
ryu_fireball_sub: 182
fireball_hits: 180
block_count: 178 (Unused?)
ryu_dragon_punch_sub: 172
player_jump: 170
stage_timer_sub: 168
flipymove: 162 (Unused?)
snap_to_screen: 162
pre_quit: 160
autogen_sagat_tiger_knee_l_2: 160
autogen_sagat_tiger_knee_r_2: 158
flipxmove: 142 (Unused?)
restart_this_level: 136 (Unused?)
load_panel: 134
unload_level: 132
stop_sfx: 130
AUTOGEN_OUTOFSCREEN_destroy_actor_destroy_actor_destroy_actor_destroy_actor: 130
destroy_all_blocks: 128 (Unused?)
autogen_ken_dragon_punch_l_1: 128
autogen_ken_dragon_punch_r_1: 128
anim_force_left: 108 (Unused?)
anim_force_right: 108 (Unused?)
fadein: 108
waitforfireup: 106
enemy_jump_attack: 104
unload_panel: 102
waitforfiredown: 102
autogen_adon_atk_hk_l_2: 102
autogen_adon_atk_hk_l_6: 102
autogen_adon_atk_hk_r_2: 102
autogen_adon_atk_hk_r_6: 102
autogen_adon_atk_hp_l_1: 102
autogen_adon_atk_hp_r_1: 102
autogen_adon_atk_low_hk_l_1: 102
autogen_adon_atk_low_hk_r_1: 102
autogen_adon_atk_lp_l_1: 102
autogen_adon_atk_lp_l_3: 102
autogen_adon_atk_lp_r_1: 102
autogen_adon_atk_lp_r_3: 102
autogen_adon_jump_atk_l_1: 102
autogen_adon_jump_atk_l_3: 102
autogen_adon_jump_atk_r_1: 102
autogen_adon_jump_atk_r_3: 102
autogen_birdie_atk_hk_l_2: 102
autogen_birdie_atk_hk_r_2: 102
autogen_birdie_atk_hp_l_2: 102
autogen_birdie_atk_hp_l_3: 102
autogen_birdie_atk_hp_r_2: 102
autogen_birdie_atk_lp_l_1: 102
autogen_birdie_atk_lp_r_1: 102
autogen_birdie_atk_mp_l_2: 102
autogen_birdie_atk_mp_r_2: 102
autogen_birdie_atk_special2_l_0: 102
autogen_birdie_atk_special2_r_0: 102
autogen_birdie_jump_atk_l_3: 102
autogen_birdie_jump_atk_r_3: 102
autogen_eagle_atk_hp_l_2: 102
autogen_eagle_atk_hp_r_2: 102
autogen_eagle_atk_lp_l_1: 102
autogen_eagle_atk_lp_r_1: 102
autogen_eagle_atk_special_l_2: 102
autogen_eagle_atk_special_r_2: 102
autogen_eagle_jump_atk_l_1: 102
autogen_eagle_jump_atk_l_2: 102
autogen_geki_atk_hp_l_2: 102
autogen_geki_atk_hp_r_2: 102
autogen_geki_atk_lk_l_2: 102
autogen_geki_atk_lk_r_2: 102
autogen_geki_duck_atk_hp_l_3: 102
autogen_geki_duck_atk_hp_r_3: 102
autogen_geki_jump_atk_l_1: 102
autogen_geki_jump_atk_r_1: 102
autogen_gen_atk_hk_l_3: 102
autogen_gen_atk_hk_r_3: 102
autogen_gen_atk_hp_l_2: 102
autogen_gen_atk_hp_r_2: 102
autogen_gen_atk_lk_l_1: 102
autogen_gen_atk_lk_r_1: 102
autogen_gen_atk_lp_l_1: 102
autogen_gen_atk_lp_r_1: 102
autogen_gen_atk_special_l_2: 102
autogen_gen_atk_special_r_2: 102
autogen_gen_jump_atk_l_1: 102
autogen_gen_jump_atk_r_1: 102
autogen_joe_atk_hp_l_2: 102
autogen_joe_atk_hp_r_2: 102
autogen_joe_atk_low_kick_l_2: 102
autogen_joe_atk_low_kick_l_5: 102
autogen_joe_atk_low_kick_r_2: 102
autogen_joe_atk_low_kick_r_5: 102
autogen_joe_atk_low_punch_l_3: 102
autogen_joe_atk_low_punch_r_3: 102
autogen_joe_atk_lp_l_2: 102
autogen_joe_atk_lp_r_2: 102
autogen_joe_jump_atk_l_2: 102
autogen_joe_jump_atk_r_2: 102
autogen_ken_atk_hk_l_3: 102
autogen_ken_atk_hk_r_3: 102
autogen_ken_atk_hp_l_2: 102
autogen_ken_atk_hp_r_2: 102
autogen_ken_atk_lk_l_1: 102
autogen_ken_atk_lk_r_1: 102
autogen_ken_atk_lp_l_1: 102
autogen_ken_dragon_punch_l_0: 102
autogen_ken_dragon_punch_l_2: 102
autogen_ken_dragon_punch_r_2: 102
autogen_ken_duck_atk_hk_l_2: 102
autogen_ken_duck_atk_hk_r_2: 102
autogen_ken_duck_atk_lk_l_1: 102
autogen_ken_duck_atk_lk_r_1: 102
autogen_ken_duck_atk_lp_l_1: 102
autogen_ken_jump_atk_hk_l_1: 102
autogen_ken_jump_atk_hk_r_1: 102
autogen_ken_jump_atk_hp_l_1: 102
autogen_ken_jump_atk_lk_l_1: 102
autogen_ken_jump_atk_lp_l_1: 102
autogen_ken_tatsu_l_3: 102
autogen_lee_atk_hk_l_3: 102
autogen_lee_atk_hk_r_3: 102
autogen_lee_atk_hp_l_2: 102
autogen_lee_atk_hp_r_2: 102
autogen_lee_atk_lk_l_2: 102
autogen_lee_atk_low_hk_l_3: 102
autogen_lee_atk_low_hk_r_3: 102
autogen_lee_atk_lp_l_2: 102
autogen_lee_atk_lp_r_2: 102
autogen_lee_atk_special_02_l_0: 102
autogen_lee_atk_special_02_r_0: 102
autogen_lee_jump_atk_l_1: 102
autogen_lee_jump_atk_r_1: 102
autogen_mike_atk_hp_l_2: 102
autogen_mike_atk_hp_r_2: 102
autogen_mike_atk_lowp_l_2: 102
autogen_mike_atk_lowp_r_2: 102
autogen_mike_atk_lp_l_2: 102
autogen_mike_atk_lp_r_2: 102
autogen_mike_atk_mp_l_2: 102
autogen_mike_atk_mp_r_2: 102
autogen_retsu_atk_hk_l_2: 102
autogen_retsu_atk_hk_r_2: 102
autogen_retsu_atk_hp_l_2: 102
autogen_retsu_atk_hp_r_2: 102
autogen_retsu_atk_lk_l_2: 102
autogen_retsu_atk_lp_l_2: 102
autogen_retsu_atk_lp_r_2: 102
autogen_retsu_duck_atk_hk_l_3: 102
autogen_retsu_duck_atk_hk_r_3: 102
autogen_sagat_atk_hk_l_2: 102
autogen_sagat_atk_hk_r_2: 102
autogen_sagat_atk_hp_l_1: 102
autogen_sagat_atk_hp_r_1: 102
autogen_sagat_atk_low_hk_l_1: 102
autogen_sagat_atk_low_hk_r_1: 102
autogen_sagat_atk_lp_l_1: 102
autogen_birdie_atk_hp_r_3: 100
autogen_eagle_jump_atk_r_1: 100
autogen_eagle_jump_atk_r_2: 100
autogen_ken_atk_lp_r_1: 100
autogen_ken_duck_atk_lp_r_1: 100
autogen_ken_jump_atk_hp_r_1: 100
autogen_ken_jump_atk_lk_r_1: 100
autogen_ken_jump_atk_lp_r_1: 100
autogen_ken_tatsu_r_3: 100
autogen_lee_atk_lk_r_2: 100
autogen_retsu_atk_lk_r_2: 100
autogen_sagat_atk_lp_r_1: 100
autogen_ken_dragon_punch_r_0: 98
load_panel_bottom: 96
load_panel_top: 96
autogen_ken_tatsu_r_4: 96
destroy_child_actors: 94 (Unused?)
autogen_ken_tatsu_l_4: 94
autogen_adon_jump_atk_l_4: 90
autogen_adon_jump_atk_r_4: 90
autogen_birdie_atk_special2_l_1: 90
autogen_birdie_atk_special2_r_1: 90
autogen_birdie_jump_atk_l_4: 90
autogen_birdie_jump_atk_r_4: 90
autogen_eagle_atk_special_l_4: 90
autogen_eagle_atk_special_l_6: 90
autogen_eagle_atk_special_r_4: 90
autogen_eagle_atk_special_r_6: 90
autogen_geki_jump_atk_l_2: 90
autogen_geki_jump_atk_r_2: 90
autogen_geki_ninjastar_0: 90
autogen_gen_atk_special_l_5: 90
autogen_gen_atk_special_l_8: 90
autogen_gen_atk_special_r_5: 90
autogen_gen_atk_special_r_8: 90
autogen_gen_jump_atk_l_2: 90
autogen_gen_jump_atk_r_2: 90
autogen_joe_jump_atk_l_3: 90
autogen_joe_jump_atk_r_3: 90
autogen_ken_duck_atk_hp_l_2: 90
autogen_ken_jump_atk_lk_l_2: 90
autogen_ken_jump_atk_lp_l_2: 90
autogen_ken_tatsu_l_6: 90
autogen_lee_jump_atk_l_2: 90
autogen_lee_jump_atk_r_2: 90
autogen_retsu_jump_atk_l_1: 90
autogen_sagat_tiger_knee_l_3: 90
player_to_new: 90
autogen_ken_duck_atk_hp_r_2: 88
autogen_ken_jump_atk_lk_r_2: 88
autogen_ken_jump_atk_lp_r_2: 88
autogen_ken_tatsu_r_6: 88
autogen_retsu_jump_atk_r_1: 88
autogen_sagat_tiger_knee_r_3: 88
enemy_low_attack: 88
pre_load_level: 86
waitforfirehit: 86
load_music: 78
autogen_sagat_tiger_l_1: 78
AUTOGEN_OUTOFSCREEN_snap_to_screen_snap_to_screen_None_None: 78
fadeout: 76
load_music_finish: 76
wrap_screen_bottom: 76 (Unused?)
wrap_screen_right: 76 (Unused?)
set_ntsc: 74 (Unused?)
flipscreen: 72 (Unused?)
wrap_screen_left: 72 (Unused?)
wrap_screen_top: 72 (Unused?)
player_spawn: 72 (Unused?)
jump_actor: 66 (Unused?)
autogen_birdie_jump_l_1: 64
destroy_all_actors: 60 (Unused?)
quit: 60
destroy_actor: 58
freemem_hard: 54 (Unused?)
destroy_block: 52 (Unused?)
return: 52 (Unused?)
autogen_adon_win_l_1: 52
autogen_birdie_win_l_1: 52
autogen_eagle_win_l_1: 52
autogen_geki_win2_0: 52
autogen_gen_win_l_1: 52
autogen_joe_win_l_1: 52
autogen_ken_win_l_1: 52
autogen_lee_win_l_1: 52
autogen_mike_win_l_1: 52
autogen_retsu_win_l_1: 52
autogen_sagat_win_l_1: 52
player_reset: 52 (Unused?)
seperate: 52
load_panel_finish: 50
unload_panel_bottom: 50
unload_panel_top: 50
freeze_actor: 40 (Unused?)
unfreeze_actor: 40 (Unused?)
autogen_adon_atk_hk_l_3: 38
autogen_adon_jump_l_1: 38
autogen_adon_jump_l_2: 38
autogen_adon_walk_l_0: 38
autogen_adon_win_l_3: 38
autogen_birdie_atk_lp_l_0: 38
autogen_eagle_atk_special_l_0: 38
autogen_geki_duck_atk_hp_l_0: 38
autogen_joe_atk_lp_l_1: 38
autogen_ken_fireball_l_1: 38
autogen_ken_jump_l_1: 38
autogen_ken_tatsu_l_1: 38
autogen_ken_tatsu_l_2: 38
autogen_retsu_jump_atk_l_0: 38
autogen_retsu_jump_l_1: 38
autogen_retsu_win_l_3: 38
block_coll_force: 32 (Unused?)
block_coll_passthru: 32
autogen_adon_atk_lp_l_0: 32
autogen_ken_tatsu_l_5: 32
autogen_retsu_atk_lk_l_1: 32
enemy_atk_light: 32
debug_breakpoint: 26 (Unused?)
hardware: 26 (Unused?)
vm_constants_tile_properties: 26 (Unused?)
